#! /usr/bin/vvp
:ivl_version "10.3 (stable)";
:ivl_delay_selection "TYPICAL";
:vpi_time_precision + 0;
:vpi_module "system";
:vpi_module "vhdl_sys";
:vpi_module "v2005_math";
:vpi_module "va_math";
S_0x55974b520a90 .scope module, "top" "top" 2 3;
 .timescale 0 0;
v0x55974b57a0a0_0 .var "a", 15 0;
v0x55974b57a180_0 .var "b", 15 0;
L_0x7ff514243018 .functor BUFT 1, C4<0>, C4<0>, C4<0>, C4<0>;
v0x55974b57a250_0 .net "cin", 0 0, L_0x7ff514243018;  1 drivers
v0x55974b57a350_0 .net "cout", 0 0, L_0x55974b595270;  1 drivers
v0x55974b57a420_0 .net "sum", 15 0, L_0x55974b593870;  1 drivers
S_0x55974b50d590 .scope module, "SA" "sklansky" 2 17, 3 45 0, S_0x55974b520a90;
 .timescale 0 0;
    .port_info 0 /INPUT 16 "a"
    .port_info 1 /INPUT 16 "b"
    .port_info 2 /INPUT 1 "cin"
    .port_info 3 /OUTPUT 16 "sum"
    .port_info 4 /OUTPUT 1 "cout"
L_0x55974b57a510 .functor BUFZ 1, L_0x7ff514243018, C4<0>, C4<0>, C4<0>;
L_0x55974b590a90 .functor XOR 1, L_0x55974b590950, L_0x55974b5909f0, C4<0>, C4<0>;
L_0x55974b590dd0 .functor XOR 1, L_0x55974b590ba0, L_0x55974b590c40, C4<0>, C4<0>;
L_0x55974b591020 .functor XOR 1, L_0x55974b590ee0, L_0x55974b590f80, C4<0>, C4<0>;
L_0x55974b591fe0 .functor XOR 1, L_0x55974b591190, L_0x55974b591f40, C4<0>, C4<0>;
L_0x55974b591b10 .functor XOR 1, L_0x55974b5920f0, L_0x55974b591a70, C4<0>, C4<0>;
L_0x55974b591dd0 .functor XOR 1, L_0x55974b591c90, L_0x55974b591d30, C4<0>, C4<0>;
L_0x55974b592230 .functor XOR 1, L_0x55974b592680, L_0x55974b592190, C4<0>, C4<0>;
L_0x55974b592500 .functor XOR 1, L_0x55974b5923c0, L_0x55974b592460, C4<0>, C4<0>;
L_0x55974b5927c0 .functor XOR 1, L_0x55974b592c30, L_0x55974b592720, C4<0>, C4<0>;
L_0x55974b592a40 .functor XOR 1, L_0x55974b592900, L_0x55974b5929a0, C4<0>, C4<0>;
L_0x55974b5932b0 .functor XOR 1, L_0x55974b592b30, L_0x55974b593210, C4<0>, C4<0>;
L_0x55974b592d70 .functor XOR 1, L_0x55974b5933e0, L_0x55974b592cd0, C4<0>, C4<0>;
L_0x55974b592ff0 .functor XOR 1, L_0x55974b592eb0, L_0x55974b592f50, C4<0>, C4<0>;
L_0x55974b593370 .functor XOR 1, L_0x55974b5939e0, L_0x55974b593480, C4<0>, C4<0>;
L_0x55974b593730 .functor XOR 1, L_0x55974b5935f0, L_0x55974b593690, C4<0>, C4<0>;
L_0x55974b593bc0 .functor XOR 1, L_0x55974b593a80, L_0x55974b593b20, C4<0>, C4<0>;
L_0x55974b593e10 .functor AND 1, L_0x55974b593cd0, L_0x55974b593d70, C4<1>, C4<1>;
L_0x55974b595270 .functor OR 1, L_0x55974b593e10, L_0x55974b5951d0, C4<0>, C4<0>;
v0x55974b572a90_0 .net *"_s3", 0 0, L_0x55974b57a510;  1 drivers
v0x55974b572b90_0 .net *"_s463", 0 0, L_0x55974b590950;  1 drivers
v0x55974b572c70_0 .net *"_s465", 0 0, L_0x55974b5909f0;  1 drivers
v0x55974b572d30_0 .net *"_s466", 0 0, L_0x55974b590a90;  1 drivers
v0x55974b572e10_0 .net *"_s471", 0 0, L_0x55974b590ba0;  1 drivers
v0x55974b572f40_0 .net *"_s473", 0 0, L_0x55974b590c40;  1 drivers
v0x55974b573020_0 .net *"_s474", 0 0, L_0x55974b590dd0;  1 drivers
v0x55974b573100_0 .net *"_s479", 0 0, L_0x55974b590ee0;  1 drivers
v0x55974b5731e0_0 .net *"_s481", 0 0, L_0x55974b590f80;  1 drivers
v0x55974b5732c0_0 .net *"_s482", 0 0, L_0x55974b591020;  1 drivers
v0x55974b5733a0_0 .net *"_s487", 0 0, L_0x55974b591190;  1 drivers
v0x55974b573480_0 .net *"_s489", 0 0, L_0x55974b591f40;  1 drivers
v0x55974b573560_0 .net *"_s490", 0 0, L_0x55974b591fe0;  1 drivers
v0x55974b573640_0 .net *"_s495", 0 0, L_0x55974b5920f0;  1 drivers
v0x55974b573720_0 .net *"_s497", 0 0, L_0x55974b591a70;  1 drivers
v0x55974b573800_0 .net *"_s498", 0 0, L_0x55974b591b10;  1 drivers
v0x55974b5738e0_0 .net *"_s503", 0 0, L_0x55974b591c90;  1 drivers
v0x55974b5739c0_0 .net *"_s505", 0 0, L_0x55974b591d30;  1 drivers
v0x55974b573aa0_0 .net *"_s506", 0 0, L_0x55974b591dd0;  1 drivers
v0x55974b573b80_0 .net *"_s511", 0 0, L_0x55974b592680;  1 drivers
v0x55974b573c60_0 .net *"_s513", 0 0, L_0x55974b592190;  1 drivers
v0x55974b573d40_0 .net *"_s514", 0 0, L_0x55974b592230;  1 drivers
v0x55974b573e20_0 .net *"_s519", 0 0, L_0x55974b5923c0;  1 drivers
v0x55974b573f00_0 .net *"_s521", 0 0, L_0x55974b592460;  1 drivers
v0x55974b573fe0_0 .net *"_s522", 0 0, L_0x55974b592500;  1 drivers
v0x55974b5740c0_0 .net *"_s527", 0 0, L_0x55974b592c30;  1 drivers
v0x55974b5741a0_0 .net *"_s529", 0 0, L_0x55974b592720;  1 drivers
v0x55974b574280_0 .net *"_s530", 0 0, L_0x55974b5927c0;  1 drivers
v0x55974b574360_0 .net *"_s535", 0 0, L_0x55974b592900;  1 drivers
v0x55974b574440_0 .net *"_s537", 0 0, L_0x55974b5929a0;  1 drivers
v0x55974b574520_0 .net *"_s538", 0 0, L_0x55974b592a40;  1 drivers
v0x55974b574600_0 .net *"_s543", 0 0, L_0x55974b592b30;  1 drivers
v0x55974b5746e0_0 .net *"_s545", 0 0, L_0x55974b593210;  1 drivers
v0x55974b5749d0_0 .net *"_s546", 0 0, L_0x55974b5932b0;  1 drivers
v0x55974b574ab0_0 .net *"_s551", 0 0, L_0x55974b5933e0;  1 drivers
v0x55974b574b90_0 .net *"_s553", 0 0, L_0x55974b592cd0;  1 drivers
v0x55974b574c70_0 .net *"_s554", 0 0, L_0x55974b592d70;  1 drivers
v0x55974b574d50_0 .net *"_s559", 0 0, L_0x55974b592eb0;  1 drivers
v0x55974b574e30_0 .net *"_s561", 0 0, L_0x55974b592f50;  1 drivers
v0x55974b574f10_0 .net *"_s562", 0 0, L_0x55974b592ff0;  1 drivers
v0x55974b574ff0_0 .net *"_s567", 0 0, L_0x55974b5939e0;  1 drivers
v0x55974b5750d0_0 .net *"_s569", 0 0, L_0x55974b593480;  1 drivers
v0x55974b5751b0_0 .net *"_s570", 0 0, L_0x55974b593370;  1 drivers
v0x55974b575290_0 .net *"_s575", 0 0, L_0x55974b5935f0;  1 drivers
v0x55974b575370_0 .net *"_s577", 0 0, L_0x55974b593690;  1 drivers
v0x55974b575450_0 .net *"_s578", 0 0, L_0x55974b593730;  1 drivers
v0x55974b575530_0 .net *"_s584", 0 0, L_0x55974b593a80;  1 drivers
v0x55974b575610_0 .net *"_s586", 0 0, L_0x55974b593b20;  1 drivers
v0x55974b5756f0_0 .net *"_s587", 0 0, L_0x55974b593bc0;  1 drivers
v0x55974b5757d0_0 .net *"_s590", 0 0, L_0x55974b593cd0;  1 drivers
v0x55974b5758b0_0 .net *"_s592", 0 0, L_0x55974b593d70;  1 drivers
v0x55974b575990_0 .net *"_s593", 0 0, L_0x55974b593e10;  1 drivers
v0x55974b575a70_0 .net *"_s596", 0 0, L_0x55974b5951d0;  1 drivers
L_0x7ff514243060 .functor BUFT 1, C4<0>, C4<0>, C4<0>, C4<0>;
v0x55974b575b50_0 .net/2u *"_s6", 0 0, L_0x7ff514243060;  1 drivers
o0x7ff5142924f8 .functor BUFZ 16, C4<zzzzzzzzzzzzzzzz>; HiZ drive
; Elide local net with no drivers, v0x55974b575c30_0 name=_s601
o0x7ff514292528 .functor BUFZ 15, C4<zzzzzzzzzzzzzzz>; HiZ drive
; Elide local net with no drivers, v0x55974b575d10_0 name=_s603
o0x7ff514292558 .functor BUFZ 1, C4<z>; HiZ drive
; Elide local net with no drivers, v0x55974b575df0_0 name=_s605
o0x7ff514292588 .functor BUFZ 14, C4<zzzzzzzzzzzzzz>; HiZ drive
; Elide local net with no drivers, v0x55974b575ed0_0 name=_s607
o0x7ff5142925b8 .functor BUFZ 1, C4<z>; HiZ drive
; Elide local net with no drivers, v0x55974b575fb0_0 name=_s609
o0x7ff5142925e8 .functor BUFZ 13, C4<zzzzzzzzzzzzz>; HiZ drive
; Elide local net with no drivers, v0x55974b576090_0 name=_s611
o0x7ff514292618 .functor BUFZ 3, C4<zzz>; HiZ drive
; Elide local net with no drivers, v0x55974b576170_0 name=_s613
o0x7ff514292648 .functor BUFZ 12, C4<zzzzzzzzzzzz>; HiZ drive
; Elide local net with no drivers, v0x55974b576250_0 name=_s615
o0x7ff514292678 .functor BUFZ 3, C4<zzz>; HiZ drive
; Elide local net with no drivers, v0x55974b576330_0 name=_s617
o0x7ff5142926a8 .functor BUFZ 11, C4<zzzzzzzzzzz>; HiZ drive
; Elide local net with no drivers, v0x55974b576410_0 name=_s619
o0x7ff5142926d8 .functor BUFZ 3, C4<zzz>; HiZ drive
; Elide local net with no drivers, v0x55974b5764f0_0 name=_s621
o0x7ff514292708 .functor BUFZ 1, C4<z>; HiZ drive
; Elide local net with no drivers, v0x55974b5769e0_0 name=_s623
o0x7ff514292738 .functor BUFZ 10, C4<zzzzzzzzzz>; HiZ drive
; Elide local net with no drivers, v0x55974b576ac0_0 name=_s625
o0x7ff514292768 .functor BUFZ 3, C4<zzz>; HiZ drive
; Elide local net with no drivers, v0x55974b576ba0_0 name=_s627
o0x7ff514292798 .functor BUFZ 1, C4<z>; HiZ drive
; Elide local net with no drivers, v0x55974b576c80_0 name=_s629
o0x7ff5142927c8 .functor BUFZ 9, C4<zzzzzzzzz>; HiZ drive
; Elide local net with no drivers, v0x55974b576d60_0 name=_s631
o0x7ff5142927f8 .functor BUFZ 7, C4<zzzzzzz>; HiZ drive
; Elide local net with no drivers, v0x55974b576e40_0 name=_s633
o0x7ff514292828 .functor BUFZ 8, C4<zzzzzzzz>; HiZ drive
; Elide local net with no drivers, v0x55974b576f20_0 name=_s635
o0x7ff514292858 .functor BUFZ 7, C4<zzzzzzz>; HiZ drive
; Elide local net with no drivers, v0x55974b577000_0 name=_s637
o0x7ff514292888 .functor BUFZ 7, C4<zzzzzzz>; HiZ drive
; Elide local net with no drivers, v0x55974b5770e0_0 name=_s639
o0x7ff5142928b8 .functor BUFZ 7, C4<zzzzzzz>; HiZ drive
; Elide local net with no drivers, v0x55974b5771c0_0 name=_s641
o0x7ff5142928e8 .functor BUFZ 1, C4<z>; HiZ drive
; Elide local net with no drivers, v0x55974b5772a0_0 name=_s643
o0x7ff514292918 .functor BUFZ 6, C4<zzzzzz>; HiZ drive
; Elide local net with no drivers, v0x55974b577380_0 name=_s645
o0x7ff514292948 .functor BUFZ 7, C4<zzzzzzz>; HiZ drive
; Elide local net with no drivers, v0x55974b577460_0 name=_s647
o0x7ff514292978 .functor BUFZ 1, C4<z>; HiZ drive
; Elide local net with no drivers, v0x55974b577540_0 name=_s649
o0x7ff5142929a8 .functor BUFZ 5, C4<zzzzz>; HiZ drive
; Elide local net with no drivers, v0x55974b577620_0 name=_s651
o0x7ff5142929d8 .functor BUFZ 7, C4<zzzzzzz>; HiZ drive
; Elide local net with no drivers, v0x55974b577700_0 name=_s653
o0x7ff514292a08 .functor BUFZ 3, C4<zzz>; HiZ drive
; Elide local net with no drivers, v0x55974b5777e0_0 name=_s655
o0x7ff514292a38 .functor BUFZ 4, C4<zzzz>; HiZ drive
; Elide local net with no drivers, v0x55974b5778c0_0 name=_s657
o0x7ff514292a68 .functor BUFZ 7, C4<zzzzzzz>; HiZ drive
; Elide local net with no drivers, v0x55974b5779a0_0 name=_s659
o0x7ff514292a98 .functor BUFZ 3, C4<zzz>; HiZ drive
; Elide local net with no drivers, v0x55974b577a80_0 name=_s661
o0x7ff514292ac8 .functor BUFZ 3, C4<zzz>; HiZ drive
; Elide local net with no drivers, v0x55974b577b60_0 name=_s663
o0x7ff514292af8 .functor BUFZ 7, C4<zzzzzzz>; HiZ drive
; Elide local net with no drivers, v0x55974b577c40_0 name=_s665
o0x7ff514292b28 .functor BUFZ 3, C4<zzz>; HiZ drive
; Elide local net with no drivers, v0x55974b577d20_0 name=_s667
o0x7ff514292b58 .functor BUFZ 1, C4<z>; HiZ drive
; Elide local net with no drivers, v0x55974b577e00_0 name=_s669
o0x7ff514292b88 .functor BUFZ 2, C4<zz>; HiZ drive
; Elide local net with no drivers, v0x55974b577ee0_0 name=_s671
o0x7ff514292bb8 .functor BUFZ 7, C4<zzzzzzz>; HiZ drive
; Elide local net with no drivers, v0x55974b577fc0_0 name=_s673
o0x7ff514292be8 .functor BUFZ 3, C4<zzz>; HiZ drive
; Elide local net with no drivers, v0x55974b5780a0_0 name=_s675
o0x7ff514292c18 .functor BUFZ 1, C4<z>; HiZ drive
; Elide local net with no drivers, v0x55974b578180_0 name=_s677
o0x7ff514292c48 .functor BUFZ 17, C4<zzzzzzzzzzzzzzzzz>; HiZ drive
; Elide local net with no drivers, v0x55974b578260_0 name=_s679
o0x7ff514292c78 .functor BUFZ 17, C4<zzzzzzzzzzzzzzzzz>; HiZ drive
; Elide local net with no drivers, v0x55974b578340_0 name=_s682
o0x7ff514292ca8 .functor BUFZ 17, C4<zzzzzzzzzzzzzzzzz>; HiZ drive
; Elide local net with no drivers, v0x55974b578420_0 name=_s684
o0x7ff514292cd8 .functor BUFZ 16, C4<zzzzzzzzzzzzzzzz>; HiZ drive
; Elide local net with no drivers, v0x55974b578500_0 name=_s686
o0x7ff514292d08 .functor BUFZ 17, C4<zzzzzzzzzzzzzzzzz>; HiZ drive
; Elide local net with no drivers, v0x55974b5785e0_0 name=_s688
o0x7ff514292d38 .functor BUFZ 16, C4<zzzzzzzzzzzzzzzz>; HiZ drive
; Elide local net with no drivers, v0x55974b5786c0_0 name=_s690
o0x7ff514292d68 .functor BUFZ 15, C4<zzzzzzzzzzzzzzz>; HiZ drive
; Elide local net with no drivers, v0x55974b5787a0_0 name=_s692
o0x7ff514292d98 .functor BUFZ 1, C4<z>; HiZ drive
; Elide local net with no drivers, v0x55974b578880_0 name=_s694
o0x7ff514292dc8 .functor BUFZ 14, C4<zzzzzzzzzzzzzz>; HiZ drive
; Elide local net with no drivers, v0x55974b578960_0 name=_s696
o0x7ff514292df8 .functor BUFZ 1, C4<z>; HiZ drive
; Elide local net with no drivers, v0x55974b578a40_0 name=_s698
o0x7ff514292e28 .functor BUFZ 17, C4<zzzzzzzzzzzzzzzzz>; HiZ drive
; Elide local net with no drivers, v0x55974b578b20_0 name=_s700
o0x7ff514292e58 .functor BUFZ 16, C4<zzzzzzzzzzzzzzzz>; HiZ drive
; Elide local net with no drivers, v0x55974b578c00_0 name=_s702
o0x7ff514292e88 .functor BUFZ 15, C4<zzzzzzzzzzzzzzz>; HiZ drive
; Elide local net with no drivers, v0x55974b578ce0_0 name=_s704
o0x7ff514292eb8 .functor BUFZ 1, C4<z>; HiZ drive
; Elide local net with no drivers, v0x55974b578dc0_0 name=_s706
o0x7ff514292ee8 .functor BUFZ 14, C4<zzzzzzzzzzzzzz>; HiZ drive
; Elide local net with no drivers, v0x55974b578ea0_0 name=_s708
o0x7ff514292f18 .functor BUFZ 1, C4<z>; HiZ drive
; Elide local net with no drivers, v0x55974b578f80_0 name=_s710
o0x7ff514292f48 .functor BUFZ 13, C4<zzzzzzzzzzzzz>; HiZ drive
; Elide local net with no drivers, v0x55974b579060_0 name=_s712
o0x7ff514292f78 .functor BUFZ 3, C4<zzz>; HiZ drive
; Elide local net with no drivers, v0x55974b579140_0 name=_s714
o0x7ff514292fa8 .functor BUFZ 12, C4<zzzzzzzzzzzz>; HiZ drive
; Elide local net with no drivers, v0x55974b579220_0 name=_s716
o0x7ff514292fd8 .functor BUFZ 3, C4<zzz>; HiZ drive
; Elide local net with no drivers, v0x55974b579300_0 name=_s718
o0x7ff514293008 .functor BUFZ 11, C4<zzzzzzzzzzz>; HiZ drive
; Elide local net with no drivers, v0x55974b5793e0_0 name=_s720
o0x7ff514293038 .functor BUFZ 3, C4<zzz>; HiZ drive
; Elide local net with no drivers, v0x55974b5794c0_0 name=_s722
o0x7ff514293068 .functor BUFZ 1, C4<z>; HiZ drive
; Elide local net with no drivers, v0x55974b5795a0_0 name=_s724
o0x7ff514293098 .functor BUFZ 10, C4<zzzzzzzzzz>; HiZ drive
; Elide local net with no drivers, v0x55974b579680_0 name=_s726
o0x7ff5142930c8 .functor BUFZ 3, C4<zzz>; HiZ drive
; Elide local net with no drivers, v0x55974b579760_0 name=_s728
L_0x7ff5142430a8 .functor BUFT 1, C4<z>, C4<0>, C4<0>, C4<0>;
v0x55974b579840_0 .net *"_s730", 0 0, L_0x7ff5142430a8;  1 drivers
o0x7ff514293128 .functor BUFZ 17, C4<zzzzzzzzzzzzzzzzz>; HiZ drive
; Elide local net with no drivers, v0x55974b579920_0 name=_s732
v0x55974b579a00_0 .net "a", 15 0, v0x55974b57a0a0_0;  1 drivers
v0x55974b579ae0_0 .net "b", 15 0, v0x55974b57a180_0;  1 drivers
v0x55974b579bc0_0 .net "cin", 0 0, L_0x7ff514243018;  alias, 1 drivers
v0x55974b579c80_0 .net "cout", 0 0, L_0x55974b595270;  alias, 1 drivers
v0x55974b579d40_0 .net "g", 288 0, L_0x55974b5953d0;  1 drivers
v0x55974b579e00_0 .net "p", 288 0, L_0x55974b594c20;  1 drivers
v0x55974b579ef0_0 .net "sum", 15 0, L_0x55974b593870;  alias, 1 drivers
L_0x55974b57a7f0 .part v0x55974b57a0a0_0, 0, 1;
L_0x55974b57a8e0 .part v0x55974b57a180_0, 0, 1;
L_0x55974b57ab50 .part v0x55974b57a0a0_0, 1, 1;
L_0x55974b57abf0 .part v0x55974b57a180_0, 1, 1;
L_0x55974b57aea0 .part v0x55974b57a0a0_0, 2, 1;
L_0x55974b57af40 .part v0x55974b57a180_0, 2, 1;
L_0x55974b57b1c0 .part v0x55974b57a0a0_0, 3, 1;
L_0x55974b57b260 .part v0x55974b57a180_0, 3, 1;
L_0x55974b57b530 .part v0x55974b57a0a0_0, 4, 1;
L_0x55974b57b5d0 .part v0x55974b57a180_0, 4, 1;
L_0x55974b57b860 .part v0x55974b57a0a0_0, 5, 1;
L_0x55974b57b900 .part v0x55974b57a180_0, 5, 1;
L_0x55974b57bbf0 .part v0x55974b57a0a0_0, 6, 1;
L_0x55974b57bc90 .part v0x55974b57a180_0, 6, 1;
L_0x55974b57bf20 .part v0x55974b57a0a0_0, 7, 1;
L_0x55974b57bfc0 .part v0x55974b57a180_0, 7, 1;
L_0x55974b57c2d0 .part v0x55974b57a0a0_0, 8, 1;
L_0x55974b57c370 .part v0x55974b57a180_0, 8, 1;
L_0x55974b57c690 .part v0x55974b57a0a0_0, 9, 1;
L_0x55974b57c730 .part v0x55974b57a180_0, 9, 1;
L_0x55974b57c410 .part v0x55974b57a0a0_0, 10, 1;
L_0x55974b57ca60 .part v0x55974b57a180_0, 10, 1;
L_0x55974b57cda0 .part v0x55974b57a0a0_0, 11, 1;
L_0x55974b57ce40 .part v0x55974b57a180_0, 11, 1;
L_0x55974b57d190 .part v0x55974b57a0a0_0, 12, 1;
L_0x55974b57d230 .part v0x55974b57a180_0, 12, 1;
L_0x55974b57d590 .part v0x55974b57a0a0_0, 13, 1;
L_0x55974b57d630 .part v0x55974b57a180_0, 13, 1;
L_0x55974b57d9a0 .part v0x55974b57a0a0_0, 14, 1;
L_0x55974b57da40 .part v0x55974b57a180_0, 14, 1;
L_0x55974b57dfa0 .part v0x55974b57a0a0_0, 15, 1;
L_0x55974b57e040 .part v0x55974b57a180_0, 15, 1;
L_0x55974b57e380 .part L_0x55974b5953d0, 18, 1;
L_0x55974b57e470 .part L_0x55974b594c20, 18, 1;
L_0x55974b57e680 .part L_0x55974b5953d0, 0, 1;
L_0x55974b57ea40 .part L_0x55974b5953d0, 54, 1;
L_0x55974b57e560 .part L_0x55974b594c20, 54, 1;
L_0x55974b57ec60 .part L_0x55974b5953d0, 36, 1;
L_0x55974b57ee90 .part L_0x55974b594c20, 36, 1;
L_0x55974b57f120 .part L_0x55974b5953d0, 90, 1;
L_0x55974b57f360 .part L_0x55974b594c20, 90, 1;
L_0x55974b57f400 .part L_0x55974b5953d0, 72, 1;
L_0x55974b57f600 .part L_0x55974b594c20, 72, 1;
L_0x55974b57f940 .part L_0x55974b5953d0, 126, 1;
L_0x55974b57fba0 .part L_0x55974b594c20, 126, 1;
L_0x55974b57fc40 .part L_0x55974b5953d0, 108, 1;
L_0x55974b57feb0 .part L_0x55974b594c20, 108, 1;
L_0x55974b5801f0 .part L_0x55974b5953d0, 162, 1;
L_0x55974b580470 .part L_0x55974b594c20, 162, 1;
L_0x55974b580510 .part L_0x55974b5953d0, 144, 1;
L_0x55974b5807a0 .part L_0x55974b594c20, 144, 1;
L_0x55974b580ab0 .part L_0x55974b5953d0, 198, 1;
L_0x55974b580d50 .part L_0x55974b594c20, 198, 1;
L_0x55974b580df0 .part L_0x55974b5953d0, 180, 1;
L_0x55974b5810a0 .part L_0x55974b594c20, 180, 1;
L_0x55974b5813e0 .part L_0x55974b5953d0, 234, 1;
L_0x55974b5816a0 .part L_0x55974b594c20, 234, 1;
L_0x55974b581740 .part L_0x55974b5953d0, 216, 1;
L_0x55974b581a10 .part L_0x55974b594c20, 216, 1;
L_0x55974b581d50 .part L_0x55974b5953d0, 270, 1;
L_0x55974b582030 .part L_0x55974b594c20, 270, 1;
L_0x55974b5820d0 .part L_0x55974b5953d0, 252, 1;
L_0x55974b5825d0 .part L_0x55974b594c20, 252, 1;
L_0x55974b582820 .part L_0x55974b5953d0, 36, 1;
L_0x55974b582b20 .part L_0x55974b594c20, 36, 1;
L_0x55974b582e20 .part L_0x55974b5953d0, 17, 1;
L_0x55974b583290 .part L_0x55974b5953d0, 53, 1;
L_0x55974b583380 .part L_0x55974b594c20, 53, 1;
L_0x55974b5836a0 .part L_0x55974b5953d0, 17, 1;
L_0x55974b5839e0 .part L_0x55974b5953d0, 108, 1;
L_0x55974b583d10 .part L_0x55974b594c20, 108, 1;
L_0x55974b583db0 .part L_0x55974b5953d0, 89, 1;
L_0x55974b5840f0 .part L_0x55974b594c20, 89, 1;
L_0x55974b584430 .part L_0x55974b5953d0, 125, 1;
L_0x55974b584780 .part L_0x55974b594c20, 125, 1;
L_0x55974b584820 .part L_0x55974b5953d0, 89, 1;
L_0x55974b584b80 .part L_0x55974b594c20, 89, 1;
L_0x55974b584e90 .part L_0x55974b5953d0, 180, 1;
L_0x55974b585200 .part L_0x55974b594c20, 180, 1;
L_0x55974b5852a0 .part L_0x55974b5953d0, 161, 1;
L_0x55974b585620 .part L_0x55974b594c20, 161, 1;
L_0x55974b585960 .part L_0x55974b5953d0, 197, 1;
L_0x55974b585cf0 .part L_0x55974b594c20, 197, 1;
L_0x55974b585d90 .part L_0x55974b5953d0, 161, 1;
L_0x55974b586130 .part L_0x55974b594c20, 161, 1;
L_0x55974b586470 .part L_0x55974b5953d0, 252, 1;
L_0x55974b586820 .part L_0x55974b594c20, 252, 1;
L_0x55974b5868c0 .part L_0x55974b5953d0, 233, 1;
L_0x55974b586c80 .part L_0x55974b594c20, 233, 1;
L_0x55974b586fc0 .part L_0x55974b5953d0, 269, 1;
L_0x55974b587390 .part L_0x55974b594c20, 269, 1;
L_0x55974b587430 .part L_0x55974b5953d0, 233, 1;
L_0x55974b587c20 .part L_0x55974b594c20, 233, 1;
L_0x55974b587e70 .part L_0x55974b5953d0, 72, 1;
L_0x55974b588260 .part L_0x55974b594c20, 72, 1;
L_0x55974b588350 .part L_0x55974b5953d0, 51, 1;
L_0x55974b5888b0 .part L_0x55974b5953d0, 89, 1;
L_0x55974b5889a0 .part L_0x55974b594c20, 89, 1;
L_0x55974b588db0 .part L_0x55974b5953d0, 51, 1;
L_0x55974b589000 .part L_0x55974b5953d0, 106, 1;
L_0x55974b589420 .part L_0x55974b594c20, 106, 1;
L_0x55974b589920 .part L_0x55974b5953d0, 51, 1;
L_0x55974b589eb0 .part L_0x55974b5953d0, 123, 1;
L_0x55974b589fa0 .part L_0x55974b594c20, 123, 1;
L_0x55974b58a3e0 .part L_0x55974b5953d0, 51, 1;
L_0x55974b58a720 .part L_0x55974b5953d0, 216, 1;
L_0x55974b58ab70 .part L_0x55974b594c20, 216, 1;
L_0x55974b58ac10 .part L_0x55974b5953d0, 195, 1;
L_0x55974b58b070 .part L_0x55974b594c20, 195, 1;
L_0x55974b58b3b0 .part L_0x55974b5953d0, 233, 1;
L_0x55974b58b820 .part L_0x55974b594c20, 233, 1;
L_0x55974b58b8c0 .part L_0x55974b5953d0, 195, 1;
L_0x55974b58bd40 .part L_0x55974b594c20, 195, 1;
L_0x55974b58c080 .part L_0x55974b5953d0, 250, 1;
L_0x55974b58c510 .part L_0x55974b594c20, 250, 1;
L_0x55974b58c5b0 .part L_0x55974b5953d0, 195, 1;
L_0x55974b58ca50 .part L_0x55974b594c20, 195, 1;
L_0x55974b58cd90 .part L_0x55974b5953d0, 267, 1;
L_0x55974b58d240 .part L_0x55974b594c20, 267, 1;
L_0x55974b58d2e0 .part L_0x55974b5953d0, 195, 1;
L_0x55974b58d7a0 .part L_0x55974b594c20, 195, 1;
L_0x55974b58d9f0 .part L_0x55974b5953d0, 144, 1;
L_0x55974b58dec0 .part L_0x55974b594c20, 144, 1;
L_0x55974b58dfb0 .part L_0x55974b5953d0, 119, 1;
L_0x55974b58e5f0 .part L_0x55974b5953d0, 161, 1;
L_0x55974b58e6e0 .part L_0x55974b594c20, 161, 1;
L_0x55974b58ebd0 .part L_0x55974b5953d0, 119, 1;
L_0x55974b58ee20 .part L_0x55974b5953d0, 178, 1;
L_0x55974b58f320 .part L_0x55974b594c20, 178, 1;
L_0x55974b58f410 .part L_0x55974b5953d0, 119, 1;
L_0x55974b58fa80 .part L_0x55974b5953d0, 195, 1;
L_0x55974b58fb70 .part L_0x55974b594c20, 195, 1;
L_0x55974b58f500 .part L_0x55974b5953d0, 119, 1;
L_0x55974b58f750 .part L_0x55974b5953d0, 212, 1;
L_0x55974b58f840 .part L_0x55974b594c20, 212, 1;
L_0x55974b5900f0 .part L_0x55974b5953d0, 119, 1;
L_0x55974b58fdc0 .part L_0x55974b5953d0, 229, 1;
L_0x55974b58feb0 .part L_0x55974b594c20, 229, 1;
L_0x55974b58ffa0 .part L_0x55974b5953d0, 119, 1;
L_0x55974b590770 .part L_0x55974b5953d0, 246, 1;
L_0x55974b5901e0 .part L_0x55974b594c20, 246, 1;
L_0x55974b5902d0 .part L_0x55974b5953d0, 119, 1;
L_0x55974b590520 .part L_0x55974b5953d0, 263, 1;
L_0x55974b590ce0 .part L_0x55974b594c20, 263, 1;
L_0x55974b590860 .part L_0x55974b5953d0, 119, 1;
L_0x55974b590950 .part L_0x55974b5953d0, 0, 1;
L_0x55974b5909f0 .part L_0x55974b594c20, 18, 1;
L_0x55974b590ba0 .part L_0x55974b5953d0, 17, 1;
L_0x55974b590c40 .part L_0x55974b594c20, 36, 1;
L_0x55974b590ee0 .part L_0x55974b5953d0, 34, 1;
L_0x55974b590f80 .part L_0x55974b594c20, 54, 1;
L_0x55974b591190 .part L_0x55974b5953d0, 51, 1;
L_0x55974b591f40 .part L_0x55974b594c20, 72, 1;
L_0x55974b5920f0 .part L_0x55974b5953d0, 68, 1;
L_0x55974b591a70 .part L_0x55974b594c20, 90, 1;
L_0x55974b591c90 .part L_0x55974b5953d0, 85, 1;
L_0x55974b591d30 .part L_0x55974b594c20, 108, 1;
L_0x55974b592680 .part L_0x55974b5953d0, 102, 1;
L_0x55974b592190 .part L_0x55974b594c20, 126, 1;
L_0x55974b5923c0 .part L_0x55974b5953d0, 119, 1;
L_0x55974b592460 .part L_0x55974b594c20, 144, 1;
L_0x55974b592c30 .part L_0x55974b5953d0, 136, 1;
L_0x55974b592720 .part L_0x55974b594c20, 162, 1;
L_0x55974b592900 .part L_0x55974b5953d0, 153, 1;
L_0x55974b5929a0 .part L_0x55974b594c20, 180, 1;
L_0x55974b592b30 .part L_0x55974b5953d0, 170, 1;
L_0x55974b593210 .part L_0x55974b594c20, 198, 1;
L_0x55974b5933e0 .part L_0x55974b5953d0, 187, 1;
L_0x55974b592cd0 .part L_0x55974b594c20, 216, 1;
L_0x55974b592eb0 .part L_0x55974b5953d0, 204, 1;
L_0x55974b592f50 .part L_0x55974b594c20, 234, 1;
L_0x55974b5939e0 .part L_0x55974b5953d0, 221, 1;
L_0x55974b593480 .part L_0x55974b594c20, 252, 1;
L_0x55974b5935f0 .part L_0x55974b5953d0, 238, 1;
L_0x55974b593690 .part L_0x55974b594c20, 270, 1;
LS_0x55974b593870_0_0 .concat8 [ 1 1 1 1], L_0x55974b590a90, L_0x55974b590dd0, L_0x55974b591020, L_0x55974b591fe0;
LS_0x55974b593870_0_4 .concat8 [ 1 1 1 1], L_0x55974b591b10, L_0x55974b591dd0, L_0x55974b592230, L_0x55974b592500;
LS_0x55974b593870_0_8 .concat8 [ 1 1 1 1], L_0x55974b5927c0, L_0x55974b592a40, L_0x55974b5932b0, L_0x55974b592d70;
LS_0x55974b593870_0_12 .concat8 [ 1 1 1 1], L_0x55974b592ff0, L_0x55974b593370, L_0x55974b593730, L_0x55974b593bc0;
L_0x55974b593870 .concat8 [ 4 4 4 4], LS_0x55974b593870_0_0, LS_0x55974b593870_0_4, LS_0x55974b593870_0_8, LS_0x55974b593870_0_12;
L_0x55974b593a80 .part L_0x55974b5953d0, 255, 1;
L_0x55974b593b20 .part L_0x55974b594c20, 288, 1;
L_0x55974b593cd0 .part L_0x55974b5953d0, 255, 1;
L_0x55974b593d70 .part L_0x55974b594c20, 288, 1;
L_0x55974b5951d0 .part L_0x55974b5953d0, 288, 1;
LS_0x55974b5953d0_0_0 .concat [ 1 16 1 1], L_0x55974b57a510, o0x7ff5142924f8, L_0x55974b57e290, L_0x55974b57a5b0;
LS_0x55974b5953d0_0_4 .concat [ 15 1 1 1], o0x7ff514292528, L_0x55974b582730, o0x7ff514292558, L_0x55974b57a9d0;
LS_0x55974b5953d0_0_8 .concat [ 14 1 1 1], o0x7ff514292588, L_0x55974b5831a0, o0x7ff5142925b8, L_0x55974b57e860;
LS_0x55974b5953d0_0_12 .concat [ 1 13 1 3], L_0x55974b57acc0, o0x7ff5142925e8, L_0x55974b587d80, o0x7ff514292618;
LS_0x55974b5953d0_0_16 .concat [ 1 12 1 3], L_0x55974b57b0b0, o0x7ff514292648, L_0x55974b5887c0, o0x7ff514292678;
LS_0x55974b5953d0_0_20 .concat [ 1 1 11 1], L_0x55974b57efa0, L_0x55974b57b350, o0x7ff5142926a8, L_0x55974b588f10;
LS_0x55974b5953d0_0_24 .concat [ 3 1 1 1], o0x7ff5142926d8, L_0x55974b583800, o0x7ff514292708, L_0x55974b57b6d0;
LS_0x55974b5953d0_0_28 .concat [ 10 1 3 1], o0x7ff514292738, L_0x55974b589dc0, o0x7ff514292768, L_0x55974b584250;
LS_0x55974b5953d0_0_32 .concat [ 1 1 1 9], o0x7ff514292798, L_0x55974b57f760, L_0x55974b57ba10, o0x7ff5142927c8;
LS_0x55974b5953d0_0_36 .concat [ 1 7 1 8], L_0x55974b58d900, o0x7ff5142927f8, L_0x55974b57b9a0, o0x7ff514292828;
LS_0x55974b5953d0_0_40 .concat [ 1 7 1 1], L_0x55974b58e500, o0x7ff514292858, L_0x55974b580010, L_0x55974b57c0f0;
LS_0x55974b5953d0_0_44 .concat [ 7 1 7 1], o0x7ff514292888, L_0x55974b58ed30, o0x7ff5142928b8, L_0x55974b584ce0;
LS_0x55974b5953d0_0_48 .concat [ 1 1 6 1], o0x7ff5142928e8, L_0x55974b57c4b0, o0x7ff514292918, L_0x55974b58f990;
LS_0x55974b5953d0_0_52 .concat [ 7 1 1 1], o0x7ff514292948, L_0x55974b585780, o0x7ff514292978, L_0x55974b580900;
LS_0x55974b5953d0_0_56 .concat [ 1 5 1 7], L_0x55974b57c880, o0x7ff5142929a8, L_0x55974b58f660, o0x7ff5142929d8;
LS_0x55974b5953d0_0_60 .concat [ 1 3 1 4], L_0x55974b58a540, o0x7ff514292a08, L_0x55974b57cbc0, o0x7ff514292a38;
LS_0x55974b5953d0_0_64 .concat [ 1 7 1 3], L_0x55974b58fcd0, o0x7ff514292a68, L_0x55974b58b1d0, o0x7ff514292a98;
LS_0x55974b5953d0_0_68 .concat [ 1 1 3 1], L_0x55974b581200, L_0x55974b57cfb0, o0x7ff514292ac8, L_0x55974b5906b0;
LS_0x55974b5953d0_0_72 .concat [ 7 1 3 1], o0x7ff514292af8, L_0x55974b58bea0, o0x7ff514292b28, L_0x55974b586290;
LS_0x55974b5953d0_0_76 .concat [ 1 1 2 1], o0x7ff514292b58, L_0x55974b57d3b0, o0x7ff514292b88, L_0x55974b590430;
LS_0x55974b5953d0_0_80 .concat [ 7 1 3 1], o0x7ff514292bb8, L_0x55974b58cbb0, o0x7ff514292be8, L_0x55974b586de0;
LS_0x55974b5953d0_0_84 .concat [ 1 1 1 17], o0x7ff514292c18, L_0x55974b581b70, L_0x55974b57d7c0, o0x7ff514292c48;
LS_0x55974b5953d0_0_88 .concat [ 1 0 0 0], L_0x55974b57ddf0;
LS_0x55974b5953d0_1_0 .concat [ 19 18 17 18], LS_0x55974b5953d0_0_0, LS_0x55974b5953d0_0_4, LS_0x55974b5953d0_0_8, LS_0x55974b5953d0_0_12;
LS_0x55974b5953d0_1_4 .concat [ 17 14 6 15], LS_0x55974b5953d0_0_16, LS_0x55974b5953d0_0_20, LS_0x55974b5953d0_0_24, LS_0x55974b5953d0_0_28;
LS_0x55974b5953d0_1_8 .concat [ 12 17 10 16], LS_0x55974b5953d0_0_32, LS_0x55974b5953d0_0_36, LS_0x55974b5953d0_0_40, LS_0x55974b5953d0_0_44;
LS_0x55974b5953d0_1_12 .concat [ 9 10 14 9], LS_0x55974b5953d0_0_48, LS_0x55974b5953d0_0_52, LS_0x55974b5953d0_0_56, LS_0x55974b5953d0_0_60;
LS_0x55974b5953d0_1_16 .concat [ 12 6 12 5], LS_0x55974b5953d0_0_64, LS_0x55974b5953d0_0_68, LS_0x55974b5953d0_0_72, LS_0x55974b5953d0_0_76;
LS_0x55974b5953d0_1_20 .concat [ 12 20 1 0], LS_0x55974b5953d0_0_80, LS_0x55974b5953d0_0_84, LS_0x55974b5953d0_0_88;
LS_0x55974b5953d0_2_0 .concat [ 72 52 55 42], LS_0x55974b5953d0_1_0, LS_0x55974b5953d0_1_4, LS_0x55974b5953d0_1_8, LS_0x55974b5953d0_1_12;
LS_0x55974b5953d0_2_4 .concat [ 35 33 0 0], LS_0x55974b5953d0_1_16, LS_0x55974b5953d0_1_20;
L_0x55974b5953d0 .concat [ 221 68 0 0], LS_0x55974b5953d0_2_0, LS_0x55974b5953d0_2_4;
LS_0x55974b594c20_0_0 .concat [ 1 17 1 17], L_0x7ff514243060, o0x7ff514292c78, L_0x55974b57a6b0, o0x7ff514292ca8;
LS_0x55974b594c20_0_4 .concat [ 1 16 1 1], L_0x55974b57aa40, o0x7ff514292cd8, L_0x55974b57e950, L_0x55974b57ad60;
LS_0x55974b594c20_0_8 .concat [ 17 1 16 1], o0x7ff514292d08, L_0x55974b57b120, o0x7ff514292d38, L_0x55974b57f060;
LS_0x55974b594c20_0_12 .concat [ 1 15 1 1], L_0x55974b57b3f0, o0x7ff514292d68, L_0x55974b5838f0, o0x7ff514292d98;
LS_0x55974b594c20_0_16 .concat [ 1 14 1 1], L_0x55974b57b770, o0x7ff514292dc8, L_0x55974b584340, o0x7ff514292df8;
LS_0x55974b594c20_0_20 .concat [ 1 1 17 1], L_0x55974b57f850, L_0x55974b57bab0, o0x7ff514292e28, L_0x55974b57bde0;
LS_0x55974b594c20_0_24 .concat [ 16 1 1 15], o0x7ff514292e58, L_0x55974b580100, L_0x55974b57c190, o0x7ff514292e88;
LS_0x55974b594c20_0_28 .concat [ 1 1 1 14], L_0x55974b584da0, o0x7ff514292eb8, L_0x55974b57c550, o0x7ff514292ee8;
LS_0x55974b594c20_0_32 .concat [ 1 1 1 1], L_0x55974b585870, o0x7ff514292f18, L_0x55974b5809c0, L_0x55974b57c920;
LS_0x55974b594c20_0_36 .concat [ 13 1 3 1], o0x7ff514292f48, L_0x55974b58a630, o0x7ff514292f78, L_0x55974b57cc60;
LS_0x55974b594c20_0_40 .concat [ 12 1 3 1], o0x7ff514292fa8, L_0x55974b58b2c0, o0x7ff514292fd8, L_0x55974b5812f0;
LS_0x55974b594c20_0_44 .concat [ 1 11 1 3], L_0x55974b57d050, o0x7ff514293008, L_0x55974b58bf90, o0x7ff514293038;
LS_0x55974b594c20_0_48 .concat [ 1 1 1 10], L_0x55974b586380, o0x7ff514293068, L_0x55974b57d450, o0x7ff514293098;
LS_0x55974b594c20_0_52 .concat [ 1 3 1 1], L_0x55974b58cca0, o0x7ff5142930c8, L_0x55974b586ed0, L_0x7ff5142430a8;
LS_0x55974b594c20_0_56 .concat [ 1 1 17 1], L_0x55974b581c60, L_0x55974b57d860, o0x7ff514293128, L_0x55974b57de60;
LS_0x55974b594c20_1_0 .concat [ 36 19 35 18], LS_0x55974b594c20_0_0, LS_0x55974b594c20_0_4, LS_0x55974b594c20_0_8, LS_0x55974b594c20_0_12;
LS_0x55974b594c20_1_4 .concat [ 17 20 33 17], LS_0x55974b594c20_0_16, LS_0x55974b594c20_0_20, LS_0x55974b594c20_0_24, LS_0x55974b594c20_0_28;
LS_0x55974b594c20_1_8 .concat [ 4 18 17 16], LS_0x55974b594c20_0_32, LS_0x55974b594c20_0_36, LS_0x55974b594c20_0_40, LS_0x55974b594c20_0_44;
LS_0x55974b594c20_1_12 .concat [ 13 6 20 0], LS_0x55974b594c20_0_48, LS_0x55974b594c20_0_52, LS_0x55974b594c20_0_56;
L_0x55974b594c20 .concat [ 108 87 55 39], LS_0x55974b594c20_1_0, LS_0x55974b594c20_1_4, LS_0x55974b594c20_1_8, LS_0x55974b594c20_1_12;
S_0x55974b50dd60 .scope module, "GP_00" "initialize_g_p" 3 59, 3 1 0, S_0x55974b50d590;
 .timescale 0 0;
    .port_info 0 /INPUT 1 "a"
    .port_info 1 /INPUT 1 "b"
    .port_info 2 /OUTPUT 1 "g"
    .port_info 3 /OUTPUT 1 "p"
L_0x55974b57a5b0 .functor AND 1, L_0x55974b57a7f0, L_0x55974b57a8e0, C4<1>, C4<1>;
L_0x55974b57a6b0 .functor XOR 1, L_0x55974b57a7f0, L_0x55974b57a8e0, C4<0>, C4<0>;
v0x55974b5128e0_0 .net "a", 0 0, L_0x55974b57a7f0;  1 drivers
v0x55974b4fb020_0 .net "b", 0 0, L_0x55974b57a8e0;  1 drivers
v0x55974b4f98c0_0 .net "g", 0 0, L_0x55974b57a5b0;  1 drivers
v0x55974b5104d0_0 .net "p", 0 0, L_0x55974b57a6b0;  1 drivers
S_0x55974b51ea40 .scope module, "GP_01" "initialize_g_p" 3 60, 3 1 0, S_0x55974b50d590;
 .timescale 0 0;
    .port_info 0 /INPUT 1 "a"
    .port_info 1 /INPUT 1 "b"
    .port_info 2 /OUTPUT 1 "g"
    .port_info 3 /OUTPUT 1 "p"
L_0x55974b57a9d0 .functor AND 1, L_0x55974b57ab50, L_0x55974b57abf0, C4<1>, C4<1>;
L_0x55974b57aa40 .functor XOR 1, L_0x55974b57ab50, L_0x55974b57abf0, C4<0>, C4<0>;
v0x55974b4f8160_0 .net "a", 0 0, L_0x55974b57ab50;  1 drivers
v0x55974b4f6a00_0 .net "b", 0 0, L_0x55974b57abf0;  1 drivers
v0x55974b4f4f60_0 .net "g", 0 0, L_0x55974b57a9d0;  1 drivers
v0x55974b50e010_0 .net "p", 0 0, L_0x55974b57aa40;  1 drivers
S_0x55974b51f230 .scope module, "GP_02" "initialize_g_p" 3 61, 3 1 0, S_0x55974b50d590;
 .timescale 0 0;
    .port_info 0 /INPUT 1 "a"
    .port_info 1 /INPUT 1 "b"
    .port_info 2 /OUTPUT 1 "g"
    .port_info 3 /OUTPUT 1 "p"
L_0x55974b57acc0 .functor AND 1, L_0x55974b57aea0, L_0x55974b57af40, C4<1>, C4<1>;
L_0x55974b57ad60 .functor XOR 1, L_0x55974b57aea0, L_0x55974b57af40, C4<0>, C4<0>;
v0x55974b538bd0_0 .net "a", 0 0, L_0x55974b57aea0;  1 drivers
v0x55974b538c90_0 .net "b", 0 0, L_0x55974b57af40;  1 drivers
v0x55974b5367c0_0 .net "g", 0 0, L_0x55974b57acc0;  1 drivers
v0x55974b536890_0 .net "p", 0 0, L_0x55974b57ad60;  1 drivers
S_0x55974b5202a0 .scope module, "GP_03" "initialize_g_p" 3 62, 3 1 0, S_0x55974b50d590;
 .timescale 0 0;
    .port_info 0 /INPUT 1 "a"
    .port_info 1 /INPUT 1 "b"
    .port_info 2 /OUTPUT 1 "g"
    .port_info 3 /OUTPUT 1 "p"
L_0x55974b57b0b0 .functor AND 1, L_0x55974b57b1c0, L_0x55974b57b260, C4<1>, C4<1>;
L_0x55974b57b120 .functor XOR 1, L_0x55974b57b1c0, L_0x55974b57b260, C4<0>, C4<0>;
v0x55974b522de0_0 .net "a", 0 0, L_0x55974b57b1c0;  1 drivers
v0x55974b522ec0_0 .net "b", 0 0, L_0x55974b57b260;  1 drivers
v0x55974b51b500_0 .net "g", 0 0, L_0x55974b57b0b0;  1 drivers
v0x55974b51b5d0_0 .net "p", 0 0, L_0x55974b57b120;  1 drivers
S_0x55974b5124c0 .scope module, "GP_04" "initialize_g_p" 3 63, 3 1 0, S_0x55974b50d590;
 .timescale 0 0;
    .port_info 0 /INPUT 1 "a"
    .port_info 1 /INPUT 1 "b"
    .port_info 2 /OUTPUT 1 "g"
    .port_info 3 /OUTPUT 1 "p"
L_0x55974b57b350 .functor AND 1, L_0x55974b57b530, L_0x55974b57b5d0, C4<1>, C4<1>;
L_0x55974b57b3f0 .functor XOR 1, L_0x55974b57b530, L_0x55974b57b5d0, C4<0>, C4<0>;
v0x55974b5100b0_0 .net "a", 0 0, L_0x55974b57b530;  1 drivers
v0x55974b510170_0 .net "b", 0 0, L_0x55974b57b5d0;  1 drivers
v0x55974b5493a0_0 .net "g", 0 0, L_0x55974b57b350;  1 drivers
v0x55974b549440_0 .net "p", 0 0, L_0x55974b57b3f0;  1 drivers
S_0x55974b547b40 .scope module, "GP_05" "initialize_g_p" 3 64, 3 1 0, S_0x55974b50d590;
 .timescale 0 0;
    .port_info 0 /INPUT 1 "a"
    .port_info 1 /INPUT 1 "b"
    .port_info 2 /OUTPUT 1 "g"
    .port_info 3 /OUTPUT 1 "p"
L_0x55974b57b6d0 .functor AND 1, L_0x55974b57b860, L_0x55974b57b900, C4<1>, C4<1>;
L_0x55974b57b770 .functor XOR 1, L_0x55974b57b860, L_0x55974b57b900, C4<0>, C4<0>;
v0x55974b5462e0_0 .net "a", 0 0, L_0x55974b57b860;  1 drivers
v0x55974b5463c0_0 .net "b", 0 0, L_0x55974b57b900;  1 drivers
v0x55974b544a80_0 .net "g", 0 0, L_0x55974b57b6d0;  1 drivers
v0x55974b544b20_0 .net "p", 0 0, L_0x55974b57b770;  1 drivers
S_0x55974b543220 .scope module, "GP_06" "initialize_g_p" 3 65, 3 1 0, S_0x55974b50d590;
 .timescale 0 0;
    .port_info 0 /INPUT 1 "a"
    .port_info 1 /INPUT 1 "b"
    .port_info 2 /OUTPUT 1 "g"
    .port_info 3 /OUTPUT 1 "p"
L_0x55974b57ba10 .functor AND 1, L_0x55974b57bbf0, L_0x55974b57bc90, C4<1>, C4<1>;
L_0x55974b57bab0 .functor XOR 1, L_0x55974b57bbf0, L_0x55974b57bc90, C4<0>, C4<0>;
v0x55974b5419c0_0 .net "a", 0 0, L_0x55974b57bbf0;  1 drivers
v0x55974b541a80_0 .net "b", 0 0, L_0x55974b57bc90;  1 drivers
v0x55974b540160_0 .net "g", 0 0, L_0x55974b57ba10;  1 drivers
v0x55974b540200_0 .net "p", 0 0, L_0x55974b57bab0;  1 drivers
S_0x55974b53e900 .scope module, "GP_07" "initialize_g_p" 3 66, 3 1 0, S_0x55974b50d590;
 .timescale 0 0;
    .port_info 0 /INPUT 1 "a"
    .port_info 1 /INPUT 1 "b"
    .port_info 2 /OUTPUT 1 "g"
    .port_info 3 /OUTPUT 1 "p"
L_0x55974b57b9a0 .functor AND 1, L_0x55974b57bf20, L_0x55974b57bfc0, C4<1>, C4<1>;
L_0x55974b57bde0 .functor XOR 1, L_0x55974b57bf20, L_0x55974b57bfc0, C4<0>, C4<0>;
v0x55974b534060_0 .net "a", 0 0, L_0x55974b57bf20;  1 drivers
v0x55974b534140_0 .net "b", 0 0, L_0x55974b57bfc0;  1 drivers
v0x55974b532800_0 .net "g", 0 0, L_0x55974b57b9a0;  1 drivers
v0x55974b5328a0_0 .net "p", 0 0, L_0x55974b57bde0;  1 drivers
S_0x55974b530fa0 .scope module, "GP_08" "initialize_g_p" 3 67, 3 1 0, S_0x55974b50d590;
 .timescale 0 0;
    .port_info 0 /INPUT 1 "a"
    .port_info 1 /INPUT 1 "b"
    .port_info 2 /OUTPUT 1 "g"
    .port_info 3 /OUTPUT 1 "p"
L_0x55974b57c0f0 .functor AND 1, L_0x55974b57c2d0, L_0x55974b57c370, C4<1>, C4<1>;
L_0x55974b57c190 .functor XOR 1, L_0x55974b57c2d0, L_0x55974b57c370, C4<0>, C4<0>;
v0x55974b52f840_0 .net "a", 0 0, L_0x55974b57c2d0;  1 drivers
v0x55974b504870_0 .net "b", 0 0, L_0x55974b57c370;  1 drivers
v0x55974b504930_0 .net "g", 0 0, L_0x55974b57c0f0;  1 drivers
v0x55974b5049d0_0 .net "p", 0 0, L_0x55974b57c190;  1 drivers
S_0x55974b503110 .scope module, "GP_09" "initialize_g_p" 3 68, 3 1 0, S_0x55974b50d590;
 .timescale 0 0;
    .port_info 0 /INPUT 1 "a"
    .port_info 1 /INPUT 1 "b"
    .port_info 2 /OUTPUT 1 "g"
    .port_info 3 /OUTPUT 1 "p"
L_0x55974b57c4b0 .functor AND 1, L_0x55974b57c690, L_0x55974b57c730, C4<1>, C4<1>;
L_0x55974b57c550 .functor XOR 1, L_0x55974b57c690, L_0x55974b57c730, C4<0>, C4<0>;
v0x55974b5019b0_0 .net "a", 0 0, L_0x55974b57c690;  1 drivers
v0x55974b501a90_0 .net "b", 0 0, L_0x55974b57c730;  1 drivers
v0x55974b500250_0 .net "g", 0 0, L_0x55974b57c4b0;  1 drivers
v0x55974b500320_0 .net "p", 0 0, L_0x55974b57c550;  1 drivers
S_0x55974b4feaf0 .scope module, "GP_10" "initialize_g_p" 3 69, 3 1 0, S_0x55974b50d590;
 .timescale 0 0;
    .port_info 0 /INPUT 1 "a"
    .port_info 1 /INPUT 1 "b"
    .port_info 2 /OUTPUT 1 "g"
    .port_info 3 /OUTPUT 1 "p"
L_0x55974b57c880 .functor AND 1, L_0x55974b57c410, L_0x55974b57ca60, C4<1>, C4<1>;
L_0x55974b57c920 .functor XOR 1, L_0x55974b57c410, L_0x55974b57ca60, C4<0>, C4<0>;
v0x55974b4fd390_0 .net "a", 0 0, L_0x55974b57c410;  1 drivers
v0x55974b4fd470_0 .net "b", 0 0, L_0x55974b57ca60;  1 drivers
v0x55974b4fbc30_0 .net "g", 0 0, L_0x55974b57c880;  1 drivers
v0x55974b4fbd00_0 .net "p", 0 0, L_0x55974b57c920;  1 drivers
S_0x55974b4fa4d0 .scope module, "GP_11" "initialize_g_p" 3 70, 3 1 0, S_0x55974b50d590;
 .timescale 0 0;
    .port_info 0 /INPUT 1 "a"
    .port_info 1 /INPUT 1 "b"
    .port_info 2 /OUTPUT 1 "g"
    .port_info 3 /OUTPUT 1 "p"
L_0x55974b57cbc0 .functor AND 1, L_0x55974b57cda0, L_0x55974b57ce40, C4<1>, C4<1>;
L_0x55974b57cc60 .functor XOR 1, L_0x55974b57cda0, L_0x55974b57ce40, C4<0>, C4<0>;
v0x55974b4f8d70_0 .net "a", 0 0, L_0x55974b57cda0;  1 drivers
v0x55974b4f8e50_0 .net "b", 0 0, L_0x55974b57ce40;  1 drivers
v0x55974b4f7610_0 .net "g", 0 0, L_0x55974b57cbc0;  1 drivers
v0x55974b4f76e0_0 .net "p", 0 0, L_0x55974b57cc60;  1 drivers
S_0x55974b50bd50 .scope module, "GP_12" "initialize_g_p" 3 71, 3 1 0, S_0x55974b50d590;
 .timescale 0 0;
    .port_info 0 /INPUT 1 "a"
    .port_info 1 /INPUT 1 "b"
    .port_info 2 /OUTPUT 1 "g"
    .port_info 3 /OUTPUT 1 "p"
L_0x55974b57cfb0 .functor AND 1, L_0x55974b57d190, L_0x55974b57d230, C4<1>, C4<1>;
L_0x55974b57d050 .functor XOR 1, L_0x55974b57d190, L_0x55974b57d230, C4<0>, C4<0>;
v0x55974b50a5f0_0 .net "a", 0 0, L_0x55974b57d190;  1 drivers
v0x55974b50a6d0_0 .net "b", 0 0, L_0x55974b57d230;  1 drivers
v0x55974b508e90_0 .net "g", 0 0, L_0x55974b57cfb0;  1 drivers
v0x55974b508f60_0 .net "p", 0 0, L_0x55974b57d050;  1 drivers
S_0x55974b507730 .scope module, "GP_13" "initialize_g_p" 3 72, 3 1 0, S_0x55974b50d590;
 .timescale 0 0;
    .port_info 0 /INPUT 1 "a"
    .port_info 1 /INPUT 1 "b"
    .port_info 2 /OUTPUT 1 "g"
    .port_info 3 /OUTPUT 1 "p"
L_0x55974b57d3b0 .functor AND 1, L_0x55974b57d590, L_0x55974b57d630, C4<1>, C4<1>;
L_0x55974b57d450 .functor XOR 1, L_0x55974b57d590, L_0x55974b57d630, C4<0>, C4<0>;
v0x55974b505fd0_0 .net "a", 0 0, L_0x55974b57d590;  1 drivers
v0x55974b5060b0_0 .net "b", 0 0, L_0x55974b57d630;  1 drivers
v0x55974b51f4e0_0 .net "g", 0 0, L_0x55974b57d3b0;  1 drivers
v0x55974b51f5b0_0 .net "p", 0 0, L_0x55974b57d450;  1 drivers
S_0x55974b5481e0 .scope module, "GP_14" "initialize_g_p" 3 73, 3 1 0, S_0x55974b50d590;
 .timescale 0 0;
    .port_info 0 /INPUT 1 "a"
    .port_info 1 /INPUT 1 "b"
    .port_info 2 /OUTPUT 1 "g"
    .port_info 3 /OUTPUT 1 "p"
L_0x55974b57d7c0 .functor AND 1, L_0x55974b57d9a0, L_0x55974b57da40, C4<1>, C4<1>;
L_0x55974b57d860 .functor XOR 1, L_0x55974b57d9a0, L_0x55974b57da40, C4<0>, C4<0>;
v0x55974b546980_0 .net "a", 0 0, L_0x55974b57d9a0;  1 drivers
v0x55974b546a40_0 .net "b", 0 0, L_0x55974b57da40;  1 drivers
v0x55974b546b00_0 .net "g", 0 0, L_0x55974b57d7c0;  1 drivers
v0x55974b545120_0 .net "p", 0 0, L_0x55974b57d860;  1 drivers
S_0x55974b532ea0 .scope module, "GP_15" "initialize_g_p" 3 74, 3 1 0, S_0x55974b50d590;
 .timescale 0 0;
    .port_info 0 /INPUT 1 "a"
    .port_info 1 /INPUT 1 "b"
    .port_info 2 /OUTPUT 1 "g"
    .port_info 3 /OUTPUT 1 "p"
L_0x55974b57ddf0 .functor AND 1, L_0x55974b57dfa0, L_0x55974b57e040, C4<1>, C4<1>;
L_0x55974b57de60 .functor XOR 1, L_0x55974b57dfa0, L_0x55974b57e040, C4<0>, C4<0>;
v0x55974b545270_0 .net "a", 0 0, L_0x55974b57dfa0;  1 drivers
v0x55974b531640_0 .net "b", 0 0, L_0x55974b57e040;  1 drivers
v0x55974b531700_0 .net "g", 0 0, L_0x55974b57ddf0;  1 drivers
v0x55974b5317d0_0 .net "p", 0 0, L_0x55974b57de60;  1 drivers
S_0x55974b52fde0 .scope module, "cell_1_1" "feedthrough" 3 76, 3 31 0, S_0x55974b50d590;
 .timescale 0 0;
    .port_info 0 /INPUT 1 "g_in1"
    .port_info 1 /INPUT 1 "p_in1"
    .port_info 2 /INPUT 1 "g_in2"
    .port_info 3 /OUTPUT 1 "g_out"
L_0x55974b57e1f0 .functor AND 1, L_0x55974b57e470, L_0x55974b57e680, C4<1>, C4<1>;
L_0x55974b57e290 .functor OR 1, L_0x55974b57e1f0, L_0x55974b57e380, C4<0>, C4<0>;
v0x55974b50c740_0 .net "g_in1", 0 0, L_0x55974b57e380;  1 drivers
v0x55974b50c820_0 .net "g_in2", 0 0, L_0x55974b57e680;  1 drivers
v0x55974b50c8e0_0 .net "g_out", 0 0, L_0x55974b57e290;  1 drivers
v0x55974b50afe0_0 .net "p_in1", 0 0, L_0x55974b57e470;  1 drivers
v0x55974b50b0a0_0 .net "w", 0 0, L_0x55974b57e1f0;  1 drivers
S_0x55974b509880 .scope module, "cell_1_11" "merge" 3 81, 3 13 0, S_0x55974b50d590;
 .timescale 0 0;
    .port_info 0 /INPUT 1 "g_in1"
    .port_info 1 /INPUT 1 "p_in1"
    .port_info 2 /INPUT 1 "g_in2"
    .port_info 3 /INPUT 1 "p_in2"
    .port_info 4 /OUTPUT 1 "g_out"
    .port_info 5 /OUTPUT 1 "p_out"
L_0x55974b580890 .functor AND 1, L_0x55974b580d50, L_0x55974b580df0, C4<1>, C4<1>;
L_0x55974b580900 .functor OR 1, L_0x55974b580890, L_0x55974b580ab0, C4<0>, C4<0>;
L_0x55974b5809c0 .functor AND 1, L_0x55974b580d50, L_0x55974b5810a0, C4<1>, C4<1>;
v0x55974b5081c0_0 .net "g_in1", 0 0, L_0x55974b580ab0;  1 drivers
v0x55974b5082a0_0 .net "g_in2", 0 0, L_0x55974b580df0;  1 drivers
v0x55974b5069c0_0 .net "g_out", 0 0, L_0x55974b580900;  1 drivers
v0x55974b506a60_0 .net "p_in1", 0 0, L_0x55974b580d50;  1 drivers
v0x55974b506b20_0 .net "p_in2", 0 0, L_0x55974b5810a0;  1 drivers
v0x55974b505260_0 .net "p_out", 0 0, L_0x55974b5809c0;  1 drivers
v0x55974b505320_0 .net "w", 0 0, L_0x55974b580890;  1 drivers
S_0x55974b503b00 .scope module, "cell_1_13" "merge" 3 82, 3 13 0, S_0x55974b50d590;
 .timescale 0 0;
    .port_info 0 /INPUT 1 "g_in1"
    .port_info 1 /INPUT 1 "p_in1"
    .port_info 2 /INPUT 1 "g_in2"
    .port_info 3 /INPUT 1 "p_in2"
    .port_info 4 /OUTPUT 1 "g_out"
    .port_info 5 /OUTPUT 1 "p_out"
L_0x55974b581190 .functor AND 1, L_0x55974b5816a0, L_0x55974b581740, C4<1>, C4<1>;
L_0x55974b581200 .functor OR 1, L_0x55974b581190, L_0x55974b5813e0, C4<0>, C4<0>;
L_0x55974b5812f0 .functor AND 1, L_0x55974b5816a0, L_0x55974b581a10, C4<1>, C4<1>;
v0x55974b502440_0 .net "g_in1", 0 0, L_0x55974b5813e0;  1 drivers
v0x55974b502520_0 .net "g_in2", 0 0, L_0x55974b581740;  1 drivers
v0x55974b500c40_0 .net "g_out", 0 0, L_0x55974b581200;  1 drivers
v0x55974b500ce0_0 .net "p_in1", 0 0, L_0x55974b5816a0;  1 drivers
v0x55974b500da0_0 .net "p_in2", 0 0, L_0x55974b581a10;  1 drivers
v0x55974b4ff4e0_0 .net "p_out", 0 0, L_0x55974b5812f0;  1 drivers
v0x55974b4ff5a0_0 .net "w", 0 0, L_0x55974b581190;  1 drivers
S_0x55974b4fdd80 .scope module, "cell_1_15" "merge" 3 83, 3 13 0, S_0x55974b50d590;
 .timescale 0 0;
    .port_info 0 /INPUT 1 "g_in1"
    .port_info 1 /INPUT 1 "p_in1"
    .port_info 2 /INPUT 1 "g_in2"
    .port_info 3 /INPUT 1 "p_in2"
    .port_info 4 /OUTPUT 1 "g_out"
    .port_info 5 /OUTPUT 1 "p_out"
L_0x55974b581b00 .functor AND 1, L_0x55974b582030, L_0x55974b5820d0, C4<1>, C4<1>;
L_0x55974b581b70 .functor OR 1, L_0x55974b581b00, L_0x55974b581d50, C4<0>, C4<0>;
L_0x55974b581c60 .functor AND 1, L_0x55974b582030, L_0x55974b5825d0, C4<1>, C4<1>;
v0x55974b4fc6c0_0 .net "g_in1", 0 0, L_0x55974b581d50;  1 drivers
v0x55974b4fc7a0_0 .net "g_in2", 0 0, L_0x55974b5820d0;  1 drivers
v0x55974b53d6b0_0 .net "g_out", 0 0, L_0x55974b581b70;  1 drivers
v0x55974b53d750_0 .net "p_in1", 0 0, L_0x55974b582030;  1 drivers
v0x55974b53d810_0 .net "p_in2", 0 0, L_0x55974b5825d0;  1 drivers
v0x55974b52e4f0_0 .net "p_out", 0 0, L_0x55974b581c60;  1 drivers
v0x55974b52e590_0 .net "w", 0 0, L_0x55974b581b00;  1 drivers
S_0x55974b51dbd0 .scope module, "cell_1_3" "merge" 3 77, 3 13 0, S_0x55974b50d590;
 .timescale 0 0;
    .port_info 0 /INPUT 1 "g_in1"
    .port_info 1 /INPUT 1 "p_in1"
    .port_info 2 /INPUT 1 "g_in2"
    .port_info 3 /INPUT 1 "p_in2"
    .port_info 4 /OUTPUT 1 "g_out"
    .port_info 5 /OUTPUT 1 "p_out"
L_0x55974b57e7c0 .functor AND 1, L_0x55974b57e560, L_0x55974b57ec60, C4<1>, C4<1>;
L_0x55974b57e860 .functor OR 1, L_0x55974b57e7c0, L_0x55974b57ea40, C4<0>, C4<0>;
L_0x55974b57e950 .functor AND 1, L_0x55974b57e560, L_0x55974b57ee90, C4<1>, C4<1>;
v0x55974b53b340_0 .net "g_in1", 0 0, L_0x55974b57ea40;  1 drivers
v0x55974b53b420_0 .net "g_in2", 0 0, L_0x55974b57ec60;  1 drivers
v0x55974b538e90_0 .net "g_out", 0 0, L_0x55974b57e860;  1 drivers
v0x55974b538f30_0 .net "p_in1", 0 0, L_0x55974b57e560;  1 drivers
v0x55974b538ff0_0 .net "p_in2", 0 0, L_0x55974b57ee90;  1 drivers
v0x55974b536a80_0 .net "p_out", 0 0, L_0x55974b57e950;  1 drivers
v0x55974b536b40_0 .net "w", 0 0, L_0x55974b57e7c0;  1 drivers
S_0x55974b5230a0 .scope module, "cell_1_5" "merge" 3 78, 3 13 0, S_0x55974b50d590;
 .timescale 0 0;
    .port_info 0 /INPUT 1 "g_in1"
    .port_info 1 /INPUT 1 "p_in1"
    .port_info 2 /INPUT 1 "g_in2"
    .port_info 3 /INPUT 1 "p_in2"
    .port_info 4 /OUTPUT 1 "g_out"
    .port_info 5 /OUTPUT 1 "p_out"
L_0x55974b57ef30 .functor AND 1, L_0x55974b57f360, L_0x55974b57f400, C4<1>, C4<1>;
L_0x55974b57efa0 .functor OR 1, L_0x55974b57ef30, L_0x55974b57f120, C4<0>, C4<0>;
L_0x55974b57f060 .functor AND 1, L_0x55974b57f360, L_0x55974b57f600, C4<1>, C4<1>;
v0x55974b52c0e0_0 .net "g_in1", 0 0, L_0x55974b57f120;  1 drivers
v0x55974b52c1c0_0 .net "g_in2", 0 0, L_0x55974b57f400;  1 drivers
v0x55974b52c280_0 .net "g_out", 0 0, L_0x55974b57efa0;  1 drivers
v0x55974b529cd0_0 .net "p_in1", 0 0, L_0x55974b57f360;  1 drivers
v0x55974b529d90_0 .net "p_in2", 0 0, L_0x55974b57f600;  1 drivers
v0x55974b529e50_0 .net "p_out", 0 0, L_0x55974b57f060;  1 drivers
v0x55974b5278c0_0 .net "w", 0 0, L_0x55974b57ef30;  1 drivers
S_0x55974b5254b0 .scope module, "cell_1_7" "merge" 3 79, 3 13 0, S_0x55974b50d590;
 .timescale 0 0;
    .port_info 0 /INPUT 1 "g_in1"
    .port_info 1 /INPUT 1 "p_in1"
    .port_info 2 /INPUT 1 "g_in2"
    .port_info 3 /INPUT 1 "p_in2"
    .port_info 4 /OUTPUT 1 "g_out"
    .port_info 5 /OUTPUT 1 "p_out"
L_0x55974b57f6f0 .functor AND 1, L_0x55974b57fba0, L_0x55974b57fc40, C4<1>, C4<1>;
L_0x55974b57f760 .functor OR 1, L_0x55974b57f6f0, L_0x55974b57f940, C4<0>, C4<0>;
L_0x55974b57f850 .functor AND 1, L_0x55974b57fba0, L_0x55974b57feb0, C4<1>, C4<1>;
v0x55974b527a40_0 .net "g_in1", 0 0, L_0x55974b57f940;  1 drivers
v0x55974b514b90_0 .net "g_in2", 0 0, L_0x55974b57fc40;  1 drivers
v0x55974b514c50_0 .net "g_out", 0 0, L_0x55974b57f760;  1 drivers
v0x55974b514cf0_0 .net "p_in1", 0 0, L_0x55974b57fba0;  1 drivers
v0x55974b51b7c0_0 .net "p_in2", 0 0, L_0x55974b57feb0;  1 drivers
v0x55974b51b8d0_0 .net "p_out", 0 0, L_0x55974b57f850;  1 drivers
v0x55974b51b990_0 .net "w", 0 0, L_0x55974b57f6f0;  1 drivers
S_0x55974b5193b0 .scope module, "cell_1_9" "merge" 3 80, 3 13 0, S_0x55974b50d590;
 .timescale 0 0;
    .port_info 0 /INPUT 1 "g_in1"
    .port_info 1 /INPUT 1 "p_in1"
    .port_info 2 /INPUT 1 "g_in2"
    .port_info 3 /INPUT 1 "p_in2"
    .port_info 4 /OUTPUT 1 "g_out"
    .port_info 5 /OUTPUT 1 "p_out"
L_0x55974b57ffa0 .functor AND 1, L_0x55974b580470, L_0x55974b580510, C4<1>, C4<1>;
L_0x55974b580010 .functor OR 1, L_0x55974b57ffa0, L_0x55974b5801f0, C4<0>, C4<0>;
L_0x55974b580100 .functor AND 1, L_0x55974b580470, L_0x55974b5807a0, C4<1>, C4<1>;
v0x55974b516fa0_0 .net "g_in1", 0 0, L_0x55974b5801f0;  1 drivers
v0x55974b517080_0 .net "g_in2", 0 0, L_0x55974b580510;  1 drivers
v0x55974b517140_0 .net "g_out", 0 0, L_0x55974b580010;  1 drivers
v0x55974b566d10_0 .net "p_in1", 0 0, L_0x55974b580470;  1 drivers
v0x55974b566db0_0 .net "p_in2", 0 0, L_0x55974b5807a0;  1 drivers
v0x55974b566e50_0 .net "p_out", 0 0, L_0x55974b580100;  1 drivers
v0x55974b566ef0_0 .net "w", 0 0, L_0x55974b57ffa0;  1 drivers
S_0x55974b566f90 .scope module, "cell_2_10" "merge" 3 90, 3 13 0, S_0x55974b50d590;
 .timescale 0 0;
    .port_info 0 /INPUT 1 "g_in1"
    .port_info 1 /INPUT 1 "p_in1"
    .port_info 2 /INPUT 1 "g_in2"
    .port_info 3 /INPUT 1 "p_in2"
    .port_info 4 /OUTPUT 1 "g_out"
    .port_info 5 /OUTPUT 1 "p_out"
L_0x55974b584c70 .functor AND 1, L_0x55974b585200, L_0x55974b5852a0, C4<1>, C4<1>;
L_0x55974b584ce0 .functor OR 1, L_0x55974b584c70, L_0x55974b584e90, C4<0>, C4<0>;
L_0x55974b584da0 .functor AND 1, L_0x55974b585200, L_0x55974b585620, C4<1>, C4<1>;
v0x55974b5671b0_0 .net "g_in1", 0 0, L_0x55974b584e90;  1 drivers
v0x55974b567250_0 .net "g_in2", 0 0, L_0x55974b5852a0;  1 drivers
v0x55974b5672f0_0 .net "g_out", 0 0, L_0x55974b584ce0;  1 drivers
v0x55974b567390_0 .net "p_in1", 0 0, L_0x55974b585200;  1 drivers
v0x55974b567430_0 .net "p_in2", 0 0, L_0x55974b585620;  1 drivers
v0x55974b567540_0 .net "p_out", 0 0, L_0x55974b584da0;  1 drivers
v0x55974b567600_0 .net "w", 0 0, L_0x55974b584c70;  1 drivers
S_0x55974b5677c0 .scope module, "cell_2_11" "merge" 3 91, 3 13 0, S_0x55974b50d590;
 .timescale 0 0;
    .port_info 0 /INPUT 1 "g_in1"
    .port_info 1 /INPUT 1 "p_in1"
    .port_info 2 /INPUT 1 "g_in2"
    .port_info 3 /INPUT 1 "p_in2"
    .port_info 4 /OUTPUT 1 "g_out"
    .port_info 5 /OUTPUT 1 "p_out"
L_0x55974b585710 .functor AND 1, L_0x55974b585cf0, L_0x55974b585d90, C4<1>, C4<1>;
L_0x55974b585780 .functor OR 1, L_0x55974b585710, L_0x55974b585960, C4<0>, C4<0>;
L_0x55974b585870 .functor AND 1, L_0x55974b585cf0, L_0x55974b586130, C4<1>, C4<1>;
v0x55974b567a30_0 .net "g_in1", 0 0, L_0x55974b585960;  1 drivers
v0x55974b567b10_0 .net "g_in2", 0 0, L_0x55974b585d90;  1 drivers
v0x55974b567bd0_0 .net "g_out", 0 0, L_0x55974b585780;  1 drivers
v0x55974b567c70_0 .net "p_in1", 0 0, L_0x55974b585cf0;  1 drivers
v0x55974b567d30_0 .net "p_in2", 0 0, L_0x55974b586130;  1 drivers
v0x55974b567e40_0 .net "p_out", 0 0, L_0x55974b585870;  1 drivers
v0x55974b567f00_0 .net "w", 0 0, L_0x55974b585710;  1 drivers
S_0x55974b5680c0 .scope module, "cell_2_14" "merge" 3 92, 3 13 0, S_0x55974b50d590;
 .timescale 0 0;
    .port_info 0 /INPUT 1 "g_in1"
    .port_info 1 /INPUT 1 "p_in1"
    .port_info 2 /INPUT 1 "g_in2"
    .port_info 3 /INPUT 1 "p_in2"
    .port_info 4 /OUTPUT 1 "g_out"
    .port_info 5 /OUTPUT 1 "p_out"
L_0x55974b586220 .functor AND 1, L_0x55974b586820, L_0x55974b5868c0, C4<1>, C4<1>;
L_0x55974b586290 .functor OR 1, L_0x55974b586220, L_0x55974b586470, C4<0>, C4<0>;
L_0x55974b586380 .functor AND 1, L_0x55974b586820, L_0x55974b586c80, C4<1>, C4<1>;
v0x55974b568330_0 .net "g_in1", 0 0, L_0x55974b586470;  1 drivers
v0x55974b568410_0 .net "g_in2", 0 0, L_0x55974b5868c0;  1 drivers
v0x55974b5684d0_0 .net "g_out", 0 0, L_0x55974b586290;  1 drivers
v0x55974b568570_0 .net "p_in1", 0 0, L_0x55974b586820;  1 drivers
v0x55974b568630_0 .net "p_in2", 0 0, L_0x55974b586c80;  1 drivers
v0x55974b568740_0 .net "p_out", 0 0, L_0x55974b586380;  1 drivers
v0x55974b568800_0 .net "w", 0 0, L_0x55974b586220;  1 drivers
S_0x55974b5689c0 .scope module, "cell_2_15" "merge" 3 93, 3 13 0, S_0x55974b50d590;
 .timescale 0 0;
    .port_info 0 /INPUT 1 "g_in1"
    .port_info 1 /INPUT 1 "p_in1"
    .port_info 2 /INPUT 1 "g_in2"
    .port_info 3 /INPUT 1 "p_in2"
    .port_info 4 /OUTPUT 1 "g_out"
    .port_info 5 /OUTPUT 1 "p_out"
L_0x55974b586d70 .functor AND 1, L_0x55974b587390, L_0x55974b587430, C4<1>, C4<1>;
L_0x55974b586de0 .functor OR 1, L_0x55974b586d70, L_0x55974b586fc0, C4<0>, C4<0>;
L_0x55974b586ed0 .functor AND 1, L_0x55974b587390, L_0x55974b587c20, C4<1>, C4<1>;
v0x55974b568c30_0 .net "g_in1", 0 0, L_0x55974b586fc0;  1 drivers
v0x55974b568d10_0 .net "g_in2", 0 0, L_0x55974b587430;  1 drivers
v0x55974b568dd0_0 .net "g_out", 0 0, L_0x55974b586de0;  1 drivers
v0x55974b568e70_0 .net "p_in1", 0 0, L_0x55974b587390;  1 drivers
v0x55974b568f30_0 .net "p_in2", 0 0, L_0x55974b587c20;  1 drivers
v0x55974b569040_0 .net "p_out", 0 0, L_0x55974b586ed0;  1 drivers
v0x55974b569100_0 .net "w", 0 0, L_0x55974b586d70;  1 drivers
S_0x55974b5692c0 .scope module, "cell_2_2" "feedthrough" 3 86, 3 31 0, S_0x55974b50d590;
 .timescale 0 0;
    .port_info 0 /INPUT 1 "g_in1"
    .port_info 1 /INPUT 1 "p_in1"
    .port_info 2 /INPUT 1 "g_in2"
    .port_info 3 /OUTPUT 1 "g_out"
L_0x55974b5826c0 .functor AND 1, L_0x55974b582b20, L_0x55974b582e20, C4<1>, C4<1>;
L_0x55974b582730 .functor OR 1, L_0x55974b5826c0, L_0x55974b582820, C4<0>, C4<0>;
v0x55974b569500_0 .net "g_in1", 0 0, L_0x55974b582820;  1 drivers
v0x55974b5695e0_0 .net "g_in2", 0 0, L_0x55974b582e20;  1 drivers
v0x55974b5696a0_0 .net "g_out", 0 0, L_0x55974b582730;  1 drivers
v0x55974b569740_0 .net "p_in1", 0 0, L_0x55974b582b20;  1 drivers
v0x55974b569800_0 .net "w", 0 0, L_0x55974b5826c0;  1 drivers
S_0x55974b569990 .scope module, "cell_2_3" "feedthrough" 3 87, 3 31 0, S_0x55974b50d590;
 .timescale 0 0;
    .port_info 0 /INPUT 1 "g_in1"
    .port_info 1 /INPUT 1 "p_in1"
    .port_info 2 /INPUT 1 "g_in2"
    .port_info 3 /OUTPUT 1 "g_out"
L_0x55974b583130 .functor AND 1, L_0x55974b583380, L_0x55974b5836a0, C4<1>, C4<1>;
L_0x55974b5831a0 .functor OR 1, L_0x55974b583130, L_0x55974b583290, C4<0>, C4<0>;
v0x55974b569bd0_0 .net "g_in1", 0 0, L_0x55974b583290;  1 drivers
v0x55974b569cb0_0 .net "g_in2", 0 0, L_0x55974b5836a0;  1 drivers
v0x55974b569d70_0 .net "g_out", 0 0, L_0x55974b5831a0;  1 drivers
v0x55974b569e40_0 .net "p_in1", 0 0, L_0x55974b583380;  1 drivers
v0x55974b569f00_0 .net "w", 0 0, L_0x55974b583130;  1 drivers
S_0x55974b56a090 .scope module, "cell_2_6" "merge" 3 88, 3 13 0, S_0x55974b50d590;
 .timescale 0 0;
    .port_info 0 /INPUT 1 "g_in1"
    .port_info 1 /INPUT 1 "p_in1"
    .port_info 2 /INPUT 1 "g_in2"
    .port_info 3 /INPUT 1 "p_in2"
    .port_info 4 /OUTPUT 1 "g_out"
    .port_info 5 /OUTPUT 1 "p_out"
L_0x55974b583790 .functor AND 1, L_0x55974b583d10, L_0x55974b583db0, C4<1>, C4<1>;
L_0x55974b583800 .functor OR 1, L_0x55974b583790, L_0x55974b5839e0, C4<0>, C4<0>;
L_0x55974b5838f0 .functor AND 1, L_0x55974b583d10, L_0x55974b5840f0, C4<1>, C4<1>;
v0x55974b56a300_0 .net "g_in1", 0 0, L_0x55974b5839e0;  1 drivers
v0x55974b56a3e0_0 .net "g_in2", 0 0, L_0x55974b583db0;  1 drivers
v0x55974b56a4a0_0 .net "g_out", 0 0, L_0x55974b583800;  1 drivers
v0x55974b56a540_0 .net "p_in1", 0 0, L_0x55974b583d10;  1 drivers
v0x55974b56a600_0 .net "p_in2", 0 0, L_0x55974b5840f0;  1 drivers
v0x55974b56a710_0 .net "p_out", 0 0, L_0x55974b5838f0;  1 drivers
v0x55974b56a7d0_0 .net "w", 0 0, L_0x55974b583790;  1 drivers
S_0x55974b56a990 .scope module, "cell_2_7" "merge" 3 89, 3 13 0, S_0x55974b50d590;
 .timescale 0 0;
    .port_info 0 /INPUT 1 "g_in1"
    .port_info 1 /INPUT 1 "p_in1"
    .port_info 2 /INPUT 1 "g_in2"
    .port_info 3 /INPUT 1 "p_in2"
    .port_info 4 /OUTPUT 1 "g_out"
    .port_info 5 /OUTPUT 1 "p_out"
L_0x55974b5841e0 .functor AND 1, L_0x55974b584780, L_0x55974b584820, C4<1>, C4<1>;
L_0x55974b584250 .functor OR 1, L_0x55974b5841e0, L_0x55974b584430, C4<0>, C4<0>;
L_0x55974b584340 .functor AND 1, L_0x55974b584780, L_0x55974b584b80, C4<1>, C4<1>;
v0x55974b56ac00_0 .net "g_in1", 0 0, L_0x55974b584430;  1 drivers
v0x55974b56ace0_0 .net "g_in2", 0 0, L_0x55974b584820;  1 drivers
v0x55974b56ada0_0 .net "g_out", 0 0, L_0x55974b584250;  1 drivers
v0x55974b56ae40_0 .net "p_in1", 0 0, L_0x55974b584780;  1 drivers
v0x55974b56af00_0 .net "p_in2", 0 0, L_0x55974b584b80;  1 drivers
v0x55974b56b010_0 .net "p_out", 0 0, L_0x55974b584340;  1 drivers
v0x55974b56b0d0_0 .net "w", 0 0, L_0x55974b5841e0;  1 drivers
S_0x55974b56b290 .scope module, "cell_3_12" "merge" 3 100, 3 13 0, S_0x55974b50d590;
 .timescale 0 0;
    .port_info 0 /INPUT 1 "g_in1"
    .port_info 1 /INPUT 1 "p_in1"
    .port_info 2 /INPUT 1 "g_in2"
    .port_info 3 /INPUT 1 "p_in2"
    .port_info 4 /OUTPUT 1 "g_out"
    .port_info 5 /OUTPUT 1 "p_out"
L_0x55974b58a4d0 .functor AND 1, L_0x55974b58ab70, L_0x55974b58ac10, C4<1>, C4<1>;
L_0x55974b58a540 .functor OR 1, L_0x55974b58a4d0, L_0x55974b58a720, C4<0>, C4<0>;
L_0x55974b58a630 .functor AND 1, L_0x55974b58ab70, L_0x55974b58b070, C4<1>, C4<1>;
v0x55974b56b500_0 .net "g_in1", 0 0, L_0x55974b58a720;  1 drivers
v0x55974b56b5e0_0 .net "g_in2", 0 0, L_0x55974b58ac10;  1 drivers
v0x55974b56b6a0_0 .net "g_out", 0 0, L_0x55974b58a540;  1 drivers
v0x55974b56b740_0 .net "p_in1", 0 0, L_0x55974b58ab70;  1 drivers
v0x55974b56b800_0 .net "p_in2", 0 0, L_0x55974b58b070;  1 drivers
v0x55974b56b910_0 .net "p_out", 0 0, L_0x55974b58a630;  1 drivers
v0x55974b56b9d0_0 .net "w", 0 0, L_0x55974b58a4d0;  1 drivers
S_0x55974b56bb90 .scope module, "cell_3_13" "merge" 3 101, 3 13 0, S_0x55974b50d590;
 .timescale 0 0;
    .port_info 0 /INPUT 1 "g_in1"
    .port_info 1 /INPUT 1 "p_in1"
    .port_info 2 /INPUT 1 "g_in2"
    .port_info 3 /INPUT 1 "p_in2"
    .port_info 4 /OUTPUT 1 "g_out"
    .port_info 5 /OUTPUT 1 "p_out"
L_0x55974b58b160 .functor AND 1, L_0x55974b58b820, L_0x55974b58b8c0, C4<1>, C4<1>;
L_0x55974b58b1d0 .functor OR 1, L_0x55974b58b160, L_0x55974b58b3b0, C4<0>, C4<0>;
L_0x55974b58b2c0 .functor AND 1, L_0x55974b58b820, L_0x55974b58bd40, C4<1>, C4<1>;
v0x55974b56be00_0 .net "g_in1", 0 0, L_0x55974b58b3b0;  1 drivers
v0x55974b56bee0_0 .net "g_in2", 0 0, L_0x55974b58b8c0;  1 drivers
v0x55974b56bfa0_0 .net "g_out", 0 0, L_0x55974b58b1d0;  1 drivers
v0x55974b56c040_0 .net "p_in1", 0 0, L_0x55974b58b820;  1 drivers
v0x55974b56c100_0 .net "p_in2", 0 0, L_0x55974b58bd40;  1 drivers
v0x55974b56c210_0 .net "p_out", 0 0, L_0x55974b58b2c0;  1 drivers
v0x55974b56c2d0_0 .net "w", 0 0, L_0x55974b58b160;  1 drivers
S_0x55974b56c490 .scope module, "cell_3_14" "merge" 3 102, 3 13 0, S_0x55974b50d590;
 .timescale 0 0;
    .port_info 0 /INPUT 1 "g_in1"
    .port_info 1 /INPUT 1 "p_in1"
    .port_info 2 /INPUT 1 "g_in2"
    .port_info 3 /INPUT 1 "p_in2"
    .port_info 4 /OUTPUT 1 "g_out"
    .port_info 5 /OUTPUT 1 "p_out"
L_0x55974b58be30 .functor AND 1, L_0x55974b58c510, L_0x55974b58c5b0, C4<1>, C4<1>;
L_0x55974b58bea0 .functor OR 1, L_0x55974b58be30, L_0x55974b58c080, C4<0>, C4<0>;
L_0x55974b58bf90 .functor AND 1, L_0x55974b58c510, L_0x55974b58ca50, C4<1>, C4<1>;
v0x55974b56c700_0 .net "g_in1", 0 0, L_0x55974b58c080;  1 drivers
v0x55974b56c7e0_0 .net "g_in2", 0 0, L_0x55974b58c5b0;  1 drivers
v0x55974b56c8a0_0 .net "g_out", 0 0, L_0x55974b58bea0;  1 drivers
v0x55974b56c940_0 .net "p_in1", 0 0, L_0x55974b58c510;  1 drivers
v0x55974b56ca00_0 .net "p_in2", 0 0, L_0x55974b58ca50;  1 drivers
v0x55974b56cb10_0 .net "p_out", 0 0, L_0x55974b58bf90;  1 drivers
v0x55974b56cbd0_0 .net "w", 0 0, L_0x55974b58be30;  1 drivers
S_0x55974b56cd90 .scope module, "cell_3_15" "merge" 3 103, 3 13 0, S_0x55974b50d590;
 .timescale 0 0;
    .port_info 0 /INPUT 1 "g_in1"
    .port_info 1 /INPUT 1 "p_in1"
    .port_info 2 /INPUT 1 "g_in2"
    .port_info 3 /INPUT 1 "p_in2"
    .port_info 4 /OUTPUT 1 "g_out"
    .port_info 5 /OUTPUT 1 "p_out"
L_0x55974b58cb40 .functor AND 1, L_0x55974b58d240, L_0x55974b58d2e0, C4<1>, C4<1>;
L_0x55974b58cbb0 .functor OR 1, L_0x55974b58cb40, L_0x55974b58cd90, C4<0>, C4<0>;
L_0x55974b58cca0 .functor AND 1, L_0x55974b58d240, L_0x55974b58d7a0, C4<1>, C4<1>;
v0x55974b56d000_0 .net "g_in1", 0 0, L_0x55974b58cd90;  1 drivers
v0x55974b56d0e0_0 .net "g_in2", 0 0, L_0x55974b58d2e0;  1 drivers
v0x55974b56d1a0_0 .net "g_out", 0 0, L_0x55974b58cbb0;  1 drivers
v0x55974b56d240_0 .net "p_in1", 0 0, L_0x55974b58d240;  1 drivers
v0x55974b56d300_0 .net "p_in2", 0 0, L_0x55974b58d7a0;  1 drivers
v0x55974b56d410_0 .net "p_out", 0 0, L_0x55974b58cca0;  1 drivers
v0x55974b56d4d0_0 .net "w", 0 0, L_0x55974b58cb40;  1 drivers
S_0x55974b56d690 .scope module, "cell_3_4" "feedthrough" 3 96, 3 31 0, S_0x55974b50d590;
 .timescale 0 0;
    .port_info 0 /INPUT 1 "g_in1"
    .port_info 1 /INPUT 1 "p_in1"
    .port_info 2 /INPUT 1 "g_in2"
    .port_info 3 /OUTPUT 1 "g_out"
L_0x55974b587d10 .functor AND 1, L_0x55974b588260, L_0x55974b588350, C4<1>, C4<1>;
L_0x55974b587d80 .functor OR 1, L_0x55974b587d10, L_0x55974b587e70, C4<0>, C4<0>;
v0x55974b56d8d0_0 .net "g_in1", 0 0, L_0x55974b587e70;  1 drivers
v0x55974b56d9b0_0 .net "g_in2", 0 0, L_0x55974b588350;  1 drivers
v0x55974b56da70_0 .net "g_out", 0 0, L_0x55974b587d80;  1 drivers
v0x55974b56db40_0 .net "p_in1", 0 0, L_0x55974b588260;  1 drivers
v0x55974b56dc00_0 .net "w", 0 0, L_0x55974b587d10;  1 drivers
S_0x55974b56dd90 .scope module, "cell_3_5" "feedthrough" 3 97, 3 31 0, S_0x55974b50d590;
 .timescale 0 0;
    .port_info 0 /INPUT 1 "g_in1"
    .port_info 1 /INPUT 1 "p_in1"
    .port_info 2 /INPUT 1 "g_in2"
    .port_info 3 /OUTPUT 1 "g_out"
L_0x55974b588750 .functor AND 1, L_0x55974b5889a0, L_0x55974b588db0, C4<1>, C4<1>;
L_0x55974b5887c0 .functor OR 1, L_0x55974b588750, L_0x55974b5888b0, C4<0>, C4<0>;
v0x55974b56dfd0_0 .net "g_in1", 0 0, L_0x55974b5888b0;  1 drivers
v0x55974b56e0b0_0 .net "g_in2", 0 0, L_0x55974b588db0;  1 drivers
v0x55974b56e170_0 .net "g_out", 0 0, L_0x55974b5887c0;  1 drivers
v0x55974b56e240_0 .net "p_in1", 0 0, L_0x55974b5889a0;  1 drivers
v0x55974b56e300_0 .net "w", 0 0, L_0x55974b588750;  1 drivers
S_0x55974b56e490 .scope module, "cell_3_6" "feedthrough" 3 98, 3 31 0, S_0x55974b50d590;
 .timescale 0 0;
    .port_info 0 /INPUT 1 "g_in1"
    .port_info 1 /INPUT 1 "p_in1"
    .port_info 2 /INPUT 1 "g_in2"
    .port_info 3 /OUTPUT 1 "g_out"
L_0x55974b588ea0 .functor AND 1, L_0x55974b589420, L_0x55974b589920, C4<1>, C4<1>;
L_0x55974b588f10 .functor OR 1, L_0x55974b588ea0, L_0x55974b589000, C4<0>, C4<0>;
v0x55974b56e6d0_0 .net "g_in1", 0 0, L_0x55974b589000;  1 drivers
v0x55974b56e7b0_0 .net "g_in2", 0 0, L_0x55974b589920;  1 drivers
v0x55974b56e870_0 .net "g_out", 0 0, L_0x55974b588f10;  1 drivers
v0x55974b56e940_0 .net "p_in1", 0 0, L_0x55974b589420;  1 drivers
v0x55974b56ea00_0 .net "w", 0 0, L_0x55974b588ea0;  1 drivers
S_0x55974b56eb90 .scope module, "cell_3_7" "feedthrough" 3 99, 3 31 0, S_0x55974b50d590;
 .timescale 0 0;
    .port_info 0 /INPUT 1 "g_in1"
    .port_info 1 /INPUT 1 "p_in1"
    .port_info 2 /INPUT 1 "g_in2"
    .port_info 3 /OUTPUT 1 "g_out"
L_0x55974b589d50 .functor AND 1, L_0x55974b589fa0, L_0x55974b58a3e0, C4<1>, C4<1>;
L_0x55974b589dc0 .functor OR 1, L_0x55974b589d50, L_0x55974b589eb0, C4<0>, C4<0>;
v0x55974b56edd0_0 .net "g_in1", 0 0, L_0x55974b589eb0;  1 drivers
v0x55974b56eeb0_0 .net "g_in2", 0 0, L_0x55974b58a3e0;  1 drivers
v0x55974b56ef70_0 .net "g_out", 0 0, L_0x55974b589dc0;  1 drivers
v0x55974b56f040_0 .net "p_in1", 0 0, L_0x55974b589fa0;  1 drivers
v0x55974b56f100_0 .net "w", 0 0, L_0x55974b589d50;  1 drivers
S_0x55974b56f290 .scope module, "cell_4_10" "feedthrough" 3 108, 3 31 0, S_0x55974b50d590;
 .timescale 0 0;
    .port_info 0 /INPUT 1 "g_in1"
    .port_info 1 /INPUT 1 "p_in1"
    .port_info 2 /INPUT 1 "g_in2"
    .port_info 3 /OUTPUT 1 "g_out"
L_0x55974b58ecc0 .functor AND 1, L_0x55974b58f320, L_0x55974b58f410, C4<1>, C4<1>;
L_0x55974b58ed30 .functor OR 1, L_0x55974b58ecc0, L_0x55974b58ee20, C4<0>, C4<0>;
v0x55974b56f4d0_0 .net "g_in1", 0 0, L_0x55974b58ee20;  1 drivers
v0x55974b56f5b0_0 .net "g_in2", 0 0, L_0x55974b58f410;  1 drivers
v0x55974b56f670_0 .net "g_out", 0 0, L_0x55974b58ed30;  1 drivers
v0x55974b56f740_0 .net "p_in1", 0 0, L_0x55974b58f320;  1 drivers
v0x55974b56f800_0 .net "w", 0 0, L_0x55974b58ecc0;  1 drivers
S_0x55974b56f990 .scope module, "cell_4_11" "feedthrough" 3 109, 3 31 0, S_0x55974b50d590;
 .timescale 0 0;
    .port_info 0 /INPUT 1 "g_in1"
    .port_info 1 /INPUT 1 "p_in1"
    .port_info 2 /INPUT 1 "g_in2"
    .port_info 3 /OUTPUT 1 "g_out"
L_0x55974b58f920 .functor AND 1, L_0x55974b58fb70, L_0x55974b58f500, C4<1>, C4<1>;
L_0x55974b58f990 .functor OR 1, L_0x55974b58f920, L_0x55974b58fa80, C4<0>, C4<0>;
v0x55974b56fbd0_0 .net "g_in1", 0 0, L_0x55974b58fa80;  1 drivers
v0x55974b56fcb0_0 .net "g_in2", 0 0, L_0x55974b58f500;  1 drivers
v0x55974b56fd70_0 .net "g_out", 0 0, L_0x55974b58f990;  1 drivers
v0x55974b56fe40_0 .net "p_in1", 0 0, L_0x55974b58fb70;  1 drivers
v0x55974b56ff00_0 .net "w", 0 0, L_0x55974b58f920;  1 drivers
S_0x55974b570090 .scope module, "cell_4_12" "feedthrough" 3 110, 3 31 0, S_0x55974b50d590;
 .timescale 0 0;
    .port_info 0 /INPUT 1 "g_in1"
    .port_info 1 /INPUT 1 "p_in1"
    .port_info 2 /INPUT 1 "g_in2"
    .port_info 3 /OUTPUT 1 "g_out"
L_0x55974b58f5f0 .functor AND 1, L_0x55974b58f840, L_0x55974b5900f0, C4<1>, C4<1>;
L_0x55974b58f660 .functor OR 1, L_0x55974b58f5f0, L_0x55974b58f750, C4<0>, C4<0>;
v0x55974b5702d0_0 .net "g_in1", 0 0, L_0x55974b58f750;  1 drivers
v0x55974b5703b0_0 .net "g_in2", 0 0, L_0x55974b5900f0;  1 drivers
v0x55974b570470_0 .net "g_out", 0 0, L_0x55974b58f660;  1 drivers
v0x55974b570540_0 .net "p_in1", 0 0, L_0x55974b58f840;  1 drivers
v0x55974b570600_0 .net "w", 0 0, L_0x55974b58f5f0;  1 drivers
S_0x55974b570790 .scope module, "cell_4_13" "feedthrough" 3 111, 3 31 0, S_0x55974b50d590;
 .timescale 0 0;
    .port_info 0 /INPUT 1 "g_in1"
    .port_info 1 /INPUT 1 "p_in1"
    .port_info 2 /INPUT 1 "g_in2"
    .port_info 3 /OUTPUT 1 "g_out"
L_0x55974b58fc60 .functor AND 1, L_0x55974b58feb0, L_0x55974b58ffa0, C4<1>, C4<1>;
L_0x55974b58fcd0 .functor OR 1, L_0x55974b58fc60, L_0x55974b58fdc0, C4<0>, C4<0>;
v0x55974b5709d0_0 .net "g_in1", 0 0, L_0x55974b58fdc0;  1 drivers
v0x55974b570ab0_0 .net "g_in2", 0 0, L_0x55974b58ffa0;  1 drivers
v0x55974b570b70_0 .net "g_out", 0 0, L_0x55974b58fcd0;  1 drivers
v0x55974b570c40_0 .net "p_in1", 0 0, L_0x55974b58feb0;  1 drivers
v0x55974b570d00_0 .net "w", 0 0, L_0x55974b58fc60;  1 drivers
S_0x55974b570e90 .scope module, "cell_4_14" "feedthrough" 3 112, 3 31 0, S_0x55974b50d590;
 .timescale 0 0;
    .port_info 0 /INPUT 1 "g_in1"
    .port_info 1 /INPUT 1 "p_in1"
    .port_info 2 /INPUT 1 "g_in2"
    .port_info 3 /OUTPUT 1 "g_out"
L_0x55974b590640 .functor AND 1, L_0x55974b5901e0, L_0x55974b5902d0, C4<1>, C4<1>;
L_0x55974b5906b0 .functor OR 1, L_0x55974b590640, L_0x55974b590770, C4<0>, C4<0>;
v0x55974b5710d0_0 .net "g_in1", 0 0, L_0x55974b590770;  1 drivers
v0x55974b5711b0_0 .net "g_in2", 0 0, L_0x55974b5902d0;  1 drivers
v0x55974b571270_0 .net "g_out", 0 0, L_0x55974b5906b0;  1 drivers
v0x55974b571340_0 .net "p_in1", 0 0, L_0x55974b5901e0;  1 drivers
v0x55974b571400_0 .net "w", 0 0, L_0x55974b590640;  1 drivers
S_0x55974b571590 .scope module, "cell_4_15" "feedthrough" 3 113, 3 31 0, S_0x55974b50d590;
 .timescale 0 0;
    .port_info 0 /INPUT 1 "g_in1"
    .port_info 1 /INPUT 1 "p_in1"
    .port_info 2 /INPUT 1 "g_in2"
    .port_info 3 /OUTPUT 1 "g_out"
L_0x55974b5903c0 .functor AND 1, L_0x55974b590ce0, L_0x55974b590860, C4<1>, C4<1>;
L_0x55974b590430 .functor OR 1, L_0x55974b5903c0, L_0x55974b590520, C4<0>, C4<0>;
v0x55974b5717d0_0 .net "g_in1", 0 0, L_0x55974b590520;  1 drivers
v0x55974b5718b0_0 .net "g_in2", 0 0, L_0x55974b590860;  1 drivers
v0x55974b571970_0 .net "g_out", 0 0, L_0x55974b590430;  1 drivers
v0x55974b571a40_0 .net "p_in1", 0 0, L_0x55974b590ce0;  1 drivers
v0x55974b571b00_0 .net "w", 0 0, L_0x55974b5903c0;  1 drivers
S_0x55974b571c90 .scope module, "cell_4_8" "feedthrough" 3 106, 3 31 0, S_0x55974b50d590;
 .timescale 0 0;
    .port_info 0 /INPUT 1 "g_in1"
    .port_info 1 /INPUT 1 "p_in1"
    .port_info 2 /INPUT 1 "g_in2"
    .port_info 3 /OUTPUT 1 "g_out"
L_0x55974b58d890 .functor AND 1, L_0x55974b58dec0, L_0x55974b58dfb0, C4<1>, C4<1>;
L_0x55974b58d900 .functor OR 1, L_0x55974b58d890, L_0x55974b58d9f0, C4<0>, C4<0>;
v0x55974b571ed0_0 .net "g_in1", 0 0, L_0x55974b58d9f0;  1 drivers
v0x55974b571fb0_0 .net "g_in2", 0 0, L_0x55974b58dfb0;  1 drivers
v0x55974b572070_0 .net "g_out", 0 0, L_0x55974b58d900;  1 drivers
v0x55974b572140_0 .net "p_in1", 0 0, L_0x55974b58dec0;  1 drivers
v0x55974b572200_0 .net "w", 0 0, L_0x55974b58d890;  1 drivers
S_0x55974b572390 .scope module, "cell_4_9" "feedthrough" 3 107, 3 31 0, S_0x55974b50d590;
 .timescale 0 0;
    .port_info 0 /INPUT 1 "g_in1"
    .port_info 1 /INPUT 1 "p_in1"
    .port_info 2 /INPUT 1 "g_in2"
    .port_info 3 /OUTPUT 1 "g_out"
L_0x55974b58e490 .functor AND 1, L_0x55974b58e6e0, L_0x55974b58ebd0, C4<1>, C4<1>;
L_0x55974b58e500 .functor OR 1, L_0x55974b58e490, L_0x55974b58e5f0, C4<0>, C4<0>;
v0x55974b5725d0_0 .net "g_in1", 0 0, L_0x55974b58e5f0;  1 drivers
v0x55974b5726b0_0 .net "g_in2", 0 0, L_0x55974b58ebd0;  1 drivers
v0x55974b572770_0 .net "g_out", 0 0, L_0x55974b58e500;  1 drivers
v0x55974b572840_0 .net "p_in1", 0 0, L_0x55974b58e6e0;  1 drivers
v0x55974b572900_0 .net "w", 0 0, L_0x55974b58e490;  1 drivers
    .scope S_0x55974b520a90;
T_0 ;
    %vpi_call 2 13 "$dumpfile", "Sklansky_Adder_16_bit.vcd" {0 0 0};
    %vpi_call 2 14 "$dumpvars", 32'sb00000000000000000000000000000000, S_0x55974b520a90 {0 0 0};
    %end;
    .thread T_0;
    .scope S_0x55974b520a90;
T_1 ;
    %delay 10, 0;
    %delay 10, 0;
    %pushi/vec4 15, 0, 16;
    %store/vec4 v0x55974b57a0a0_0, 0, 16;
    %pushi/vec4 8, 0, 16;
    %store/vec4 v0x55974b57a180_0, 0, 16;
    %delay 10, 0;
    %delay 10, 0;
    %pushi/vec4 200, 0, 16;
    %store/vec4 v0x55974b57a0a0_0, 0, 16;
    %pushi/vec4 490, 0, 16;
    %store/vec4 v0x55974b57a180_0, 0, 16;
    %delay 10, 0;
    %delay 10, 0;
    %pushi/vec4 1981, 0, 16;
    %store/vec4 v0x55974b57a0a0_0, 0, 16;
    %pushi/vec4 5196, 0, 16;
    %store/vec4 v0x55974b57a180_0, 0, 16;
    %delay 10, 0;
    %delay 10, 0;
    %pushi/vec4 5158, 0, 16;
    %store/vec4 v0x55974b57a0a0_0, 0, 16;
    %pushi/vec4 25000, 0, 16;
    %store/vec4 v0x55974b57a180_0, 0, 16;
    %delay 10, 0;
    %delay 10, 0;
    %pushi/vec4 2768, 0, 16;
    %store/vec4 v0x55974b57a0a0_0, 0, 16;
    %pushi/vec4 30000, 0, 16;
    %store/vec4 v0x55974b57a180_0, 0, 16;
    %delay 10, 0;
    %delay 10, 0;
    %pushi/vec4 32768, 0, 16;
    %store/vec4 v0x55974b57a0a0_0, 0, 16;
    %pushi/vec4 32767, 0, 16;
    %store/vec4 v0x55974b57a180_0, 0, 16;
    %end;
    .thread T_1;
    .scope S_0x55974b520a90;
T_2 ;
    %vpi_call 2 55 "$monitor", $time, "\011a=%d;\011b=%d;\011sum=%d;\011cout=%b\012", v0x55974b57a0a0_0, v0x55974b57a180_0, v0x55974b57a420_0, v0x55974b57a350_0 {0 0 0};
    %end;
    .thread T_2;
# The file index is used to find the file name in the following table.
:file_names 4;
    "N/A";
    "<interactive>";
    "Sklansky_Adder_16_bit_tb.v";
    "./Sklansky_Adder_16_bit.v";
